ARM GAS  /var/folders/ww/n4ctlbrs3x70633t9y2ks63c0000gn/T//ccQdSYwH.s 			page 1


   1              		.cpu cortex-m3
   2              		.eabi_attribute 20, 1
   3              		.eabi_attribute 21, 1
   4              		.eabi_attribute 23, 3
   5              		.eabi_attribute 24, 1
   6              		.eabi_attribute 25, 1
   7              		.eabi_attribute 26, 1
   8              		.eabi_attribute 30, 1
   9              		.eabi_attribute 34, 1
  10              		.eabi_attribute 18, 4
  11              		.file	"Beep.c"
  12              		.text
  13              	.Ltext0:
  14              		.cfi_sections	.debug_frame
  15              		.section	.text.BeepInit,"ax",%progbits
  16              		.align	1
  17              		.global	BeepInit
  18              		.arch armv7-m
  19              		.syntax unified
  20              		.thumb
  21              		.thumb_func
  22              		.fpu softvfp
  24              	BeepInit:
  25              	.LFB65:
  26              		.file 1 "HARDWARE/Beep.c"
   1:HARDWARE/Beep.c **** #include "Beep.h"
   2:HARDWARE/Beep.c **** 
   3:HARDWARE/Beep.c **** void BeepInit(void)
   4:HARDWARE/Beep.c **** {
  27              		.loc 1 4 1 view -0
  28              		.cfi_startproc
  29              		@ args = 0, pretend = 0, frame = 0
  30              		@ frame_needed = 0, uses_anonymous_args = 0
  31 0000 10B5     		push	{r4, lr}
  32              	.LCFI0:
  33              		.cfi_def_cfa_offset 8
  34              		.cfi_offset 4, -8
  35              		.cfi_offset 14, -4
   5:HARDWARE/Beep.c **** 	BEEPIOCLKEN;
  36              		.loc 1 5 2 view .LVU1
  37 0002 084A     		ldr	r2, .L3
  38 0004 D369     		ldr	r3, [r2, #28]
  39 0006 43F00403 		orr	r3, r3, #4
  40 000a D361     		str	r3, [r2, #28]
   6:HARDWARE/Beep.c **** 	IoInit(BEEPPORT,BEEPPIN,IOOUT,NOPU);	//蜂鸣器引脚初始化为输出模式
  41              		.loc 1 6 2 view .LVU2
  42 000c 064C     		ldr	r4, .L3+4
  43 000e 0023     		movs	r3, #0
  44 0010 0122     		movs	r2, #1
  45 0012 4FF48061 		mov	r1, #1024
  46 0016 2046     		mov	r0, r4
  47 0018 FFF7FEFF 		bl	IoInit
  48              	.LVL0:
   7:HARDWARE/Beep.c **** 	BEEPOFF;
  49              		.loc 1 7 2 view .LVU3
  50 001c 4FF48063 		mov	r3, #1024
  51 0020 A361     		str	r3, [r4, #24]
ARM GAS  /var/folders/ww/n4ctlbrs3x70633t9y2ks63c0000gn/T//ccQdSYwH.s 			page 2


   8:HARDWARE/Beep.c **** }
  52              		.loc 1 8 1 is_stmt 0 view .LVU4
  53 0022 10BD     		pop	{r4, pc}
  54              	.L4:
  55              		.align	2
  56              	.L3:
  57 0024 00380240 		.word	1073887232
  58 0028 00080240 		.word	1073874944
  59              		.cfi_endproc
  60              	.LFE65:
  62              		.text
  63              	.Letext0:
  64              		.file 2 "/Users/shuuyou/gcc-arm-none-eabi/arm-none-eabi/include/machine/_default_types.h"
  65              		.file 3 "/Users/shuuyou/gcc-arm-none-eabi/arm-none-eabi/include/sys/_stdint.h"
  66              		.file 4 "Inc/stm32l152xe.h"
  67              		.file 5 "/Users/shuuyou/gcc-arm-none-eabi/lib/gcc/arm-none-eabi/8.3.1/include/stddef.h"
  68              		.file 6 "/Users/shuuyou/gcc-arm-none-eabi/arm-none-eabi/include/sys/_types.h"
  69              		.file 7 "/Users/shuuyou/gcc-arm-none-eabi/arm-none-eabi/include/sys/reent.h"
  70              		.file 8 "/Users/shuuyou/gcc-arm-none-eabi/arm-none-eabi/include/sys/lock.h"
  71              		.file 9 "Inc/core_cm3.h"
  72              		.file 10 "APP/inc/Public.h"
  73              		.file 11 "RML1028B/RML1028B.h"
  74              		.file 12 "HARDWARE/inc/Temputer.h"
  75              		.file 13 "HARDWARE/inc/Adc.h"
  76              		.file 14 "HARDWARE/inc/Timer.h"
  77              		.file 15 "HARDWARE/inc/Control.h"
  78              		.file 16 "TOOL/inc/malloc.h"
  79              		.file 17 "TOOL/inc/TaskManger.h"
  80              		.file 18 "DISPALY/inc/DispManger.h"
  81              		.file 19 "TOOL/inc/CrcUtil.h"
  82              		.file 20 "APP/inc/VolPro.h"
  83              		.file 21 "APP/inc/FreqPro.h"
  84              		.file 22 "APP/inc/ParasCheckPro.h"
  85              		.file 23 "APP/inc/TemputerPro.h"
ARM GAS  /var/folders/ww/n4ctlbrs3x70633t9y2ks63c0000gn/T//ccQdSYwH.s 			page 3


DEFINED SYMBOLS
                            *ABS*:0000000000000000 Beep.c
/var/folders/ww/n4ctlbrs3x70633t9y2ks63c0000gn/T//ccQdSYwH.s:16     .text.BeepInit:0000000000000000 $t
/var/folders/ww/n4ctlbrs3x70633t9y2ks63c0000gn/T//ccQdSYwH.s:24     .text.BeepInit:0000000000000000 BeepInit
/var/folders/ww/n4ctlbrs3x70633t9y2ks63c0000gn/T//ccQdSYwH.s:57     .text.BeepInit:0000000000000024 $d

UNDEFINED SYMBOLS
IoInit
