ARM GAS  /var/folders/ww/n4ctlbrs3x70633t9y2ks63c0000gn/T//ccgi8jqs.s 			page 1


   1              		.cpu cortex-m3
   2              		.eabi_attribute 20, 1
   3              		.eabi_attribute 21, 1
   4              		.eabi_attribute 23, 3
   5              		.eabi_attribute 24, 1
   6              		.eabi_attribute 25, 1
   7              		.eabi_attribute 26, 1
   8              		.eabi_attribute 30, 1
   9              		.eabi_attribute 34, 1
  10              		.eabi_attribute 18, 4
  11              		.file	"FreqPro.c"
  12              		.text
  13              	.Ltext0:
  14              		.cfi_sections	.debug_frame
  15              		.section	.text.FreqToDisp,"ax",%progbits
  16              		.align	1
  17              		.global	FreqToDisp
  18              		.arch armv7-m
  19              		.syntax unified
  20              		.thumb
  21              		.thumb_func
  22              		.fpu softvfp
  24              	FreqToDisp:
  25              	.LVL0:
  26              	.LFB65:
  27              		.file 1 "APP/FreqPro.c"
   1:APP/FreqPro.c **** #include "FreqPro.h"
   2:APP/FreqPro.c **** 
   3:APP/FreqPro.c **** _Freq Freq = {FREQINIT,0x003F3F3F};
   4:APP/FreqPro.c **** 
   5:APP/FreqPro.c **** u32 FreqToDisp(u16 freq)
   6:APP/FreqPro.c **** {
  28              		.loc 1 6 1 view -0
  29              		.cfi_startproc
  30              		@ args = 0, pretend = 0, frame = 0
  31              		@ frame_needed = 0, uses_anonymous_args = 0
  32              		.loc 1 6 1 is_stmt 0 view .LVU1
  33 0000 F8B5     		push	{r3, r4, r5, r6, r7, lr}
  34              	.LCFI0:
  35              		.cfi_def_cfa_offset 24
  36              		.cfi_offset 3, -24
  37              		.cfi_offset 4, -20
  38              		.cfi_offset 5, -16
  39              		.cfi_offset 6, -12
  40              		.cfi_offset 7, -8
  41              		.cfi_offset 14, -4
  42 0002 0646     		mov	r6, r0
   7:APP/FreqPro.c **** 	u32 i,j,k;
  43              		.loc 1 7 2 is_stmt 1 view .LVU2
   8:APP/FreqPro.c **** 	i = NumToDispCode(((freq / 100) % 10));	//Áôæ‰Ωç
  44              		.loc 1 8 2 view .LVU3
  45              		.loc 1 8 6 is_stmt 0 view .LVU4
  46 0004 1548     		ldr	r0, .L3
  47              	.LVL1:
  48              		.loc 1 8 6 view .LVU5
  49 0006 A0FB0630 		umull	r3, r0, r0, r6
  50 000a 4009     		lsrs	r0, r0, #5
ARM GAS  /var/folders/ww/n4ctlbrs3x70633t9y2ks63c0000gn/T//ccgi8jqs.s 			page 2


  51 000c 144C     		ldr	r4, .L3+4
  52 000e A4FB0023 		umull	r2, r3, r4, r0
  53 0012 DB08     		lsrs	r3, r3, #3
  54 0014 03EB8303 		add	r3, r3, r3, lsl #2
  55 0018 5A00     		lsls	r2, r3, #1
  56 001a 801A     		subs	r0, r0, r2
  57 001c C0B2     		uxtb	r0, r0
  58 001e FFF7FEFF 		bl	NumToDispCode
  59              	.LVL2:
  60 0022 0746     		mov	r7, r0
  61              	.LVL3:
   9:APP/FreqPro.c **** 	j = NumToDispCode(((freq / 10) % 10));	//ÂçÅ‰Ωç
  62              		.loc 1 9 2 is_stmt 1 view .LVU6
  63              		.loc 1 9 6 is_stmt 0 view .LVU7
  64 0024 A4FB0635 		umull	r3, r5, r4, r6
  65 0028 ED08     		lsrs	r5, r5, #3
  66 002a A8B2     		uxth	r0, r5
  67              	.LVL4:
  68              		.loc 1 9 6 view .LVU8
  69 002c A4FB0034 		umull	r3, r4, r4, r0
  70 0030 E408     		lsrs	r4, r4, #3
  71 0032 04EB8404 		add	r4, r4, r4, lsl #2
  72 0036 6300     		lsls	r3, r4, #1
  73 0038 C01A     		subs	r0, r0, r3
  74 003a C0B2     		uxtb	r0, r0
  75 003c FFF7FEFF 		bl	NumToDispCode
  76              	.LVL5:
  77 0040 0446     		mov	r4, r0
  78              	.LVL6:
  10:APP/FreqPro.c **** 	k = NumToDispCode((freq % 10));			//‰∏™‰Ωç
  79              		.loc 1 10 2 is_stmt 1 view .LVU9
  80              		.loc 1 10 6 is_stmt 0 view .LVU10
  81 0042 05EB8505 		add	r5, r5, r5, lsl #2
  82 0046 6800     		lsls	r0, r5, #1
  83              	.LVL7:
  84              		.loc 1 10 6 view .LVU11
  85 0048 301A     		subs	r0, r6, r0
  86 004a C0B2     		uxtb	r0, r0
  87 004c FFF7FEFF 		bl	NumToDispCode
  88              	.LVL8:
  11:APP/FreqPro.c **** 	return ((i<<16) | (j << 8) | k);
  89              		.loc 1 11 2 is_stmt 1 view .LVU12
  90              		.loc 1 11 23 is_stmt 0 view .LVU13
  91 0050 2402     		lsls	r4, r4, #8
  92              	.LVL9:
  93              		.loc 1 11 18 view .LVU14
  94 0052 44EA0747 		orr	r7, r4, r7, lsl #16
  95              	.LVL10:
  12:APP/FreqPro.c **** }
  96              		.loc 1 12 1 view .LVU15
  97 0056 3843     		orrs	r0, r0, r7
  98              	.LVL11:
  99              		.loc 1 12 1 view .LVU16
 100 0058 F8BD     		pop	{r3, r4, r5, r6, r7, pc}
 101              	.L4:
 102 005a 00BF     		.align	2
 103              	.L3:
ARM GAS  /var/folders/ww/n4ctlbrs3x70633t9y2ks63c0000gn/T//ccgi8jqs.s 			page 3


 104 005c 1F85EB51 		.word	1374389535
 105 0060 CDCCCCCC 		.word	-858993459
 106              		.cfi_endproc
 107              	.LFE65:
 109              		.section	.text.FreqPro,"ax",%progbits
 110              		.align	1
 111              		.global	FreqPro
 112              		.syntax unified
 113              		.thumb
 114              		.thumb_func
 115              		.fpu softvfp
 117              	FreqPro:
 118              	.LFB66:
  13:APP/FreqPro.c **** 
  14:APP/FreqPro.c **** void FreqPro(void)
  15:APP/FreqPro.c **** {
 119              		.loc 1 15 1 is_stmt 1 view -0
 120              		.cfi_startproc
 121              		@ args = 0, pretend = 0, frame = 0
 122              		@ frame_needed = 0, uses_anonymous_args = 0
 123 0000 08B5     		push	{r3, lr}
 124              	.LCFI1:
 125              		.cfi_def_cfa_offset 8
 126              		.cfi_offset 3, -8
 127              		.cfi_offset 14, -4
  16:APP/FreqPro.c **** 	u8 i;
 128              		.loc 1 16 2 view .LVU18
  17:APP/FreqPro.c **** 	switch(Freq.Status)
 129              		.loc 1 17 2 view .LVU19
 130              		.loc 1 17 13 is_stmt 0 view .LVU20
 131 0002 1F4B     		ldr	r3, .L14
 132 0004 1B78     		ldrb	r3, [r3]	@ zero_extendqisi2
 133              		.loc 1 17 2 view .LVU21
 134 0006 002B     		cmp	r3, #0
 135 0008 34D0     		beq	.L6
 136 000a 022B     		cmp	r3, #2
 137 000c 14D1     		bne	.L5
  18:APP/FreqPro.c **** 	{
  19:APP/FreqPro.c **** 		case FREQIDLE:
  20:APP/FreqPro.c **** 			break;
  21:APP/FreqPro.c **** 		
  22:APP/FreqPro.c **** 		case FREQCAPED:												//È£éÁîµÈ¢ëÁéáÈááÈõÜÂÆåÊàê
  23:APP/FreqPro.c **** 			Freq.freqtemp[Freq.cnt++] = Capture.CAP2_FFN.Freq;
 138              		.loc 1 23 4 is_stmt 1 view .LVU22
 139              		.loc 1 23 48 is_stmt 0 view .LVU23
 140 000e 1D4B     		ldr	r3, .L14+4
 141 0010 588A     		ldrh	r0, [r3, #18]
 142              		.loc 1 23 22 view .LVU24
 143 0012 1B4B     		ldr	r3, .L14
 144 0014 93F82A10 		ldrb	r1, [r3, #42]	@ zero_extendqisi2
 145              		.loc 1 23 26 view .LVU25
 146 0018 4A1C     		adds	r2, r1, #1
 147 001a D2B2     		uxtb	r2, r2
 148 001c 83F82A20 		strb	r2, [r3, #42]
 149              		.loc 1 23 30 view .LVU26
 150 0020 0B44     		add	r3, r3, r1
 151 0022 5872     		strb	r0, [r3, #9]
ARM GAS  /var/folders/ww/n4ctlbrs3x70633t9y2ks63c0000gn/T//ccgi8jqs.s 			page 4


  24:APP/FreqPro.c **** 			if(Freq.cnt >= FREQTEMPCNT)
 152              		.loc 1 24 4 is_stmt 1 view .LVU27
 153              		.loc 1 24 6 is_stmt 0 view .LVU28
 154 0024 1D2A     		cmp	r2, #29
 155 0026 08D8     		bhi	.L12
 156              	.L8:
  25:APP/FreqPro.c **** 			{
  26:APP/FreqPro.c **** 				Freq.cnt = 0;
  27:APP/FreqPro.c **** 				Freq.total = 0;
  28:APP/FreqPro.c **** 				mySort_u8(Freq.freqtemp,FREQTEMPCNT);				//ÊéíÂ∫è
  29:APP/FreqPro.c **** 				for(i=FREQOFFSET;i<FREQTEMPCNT-FREQOFFSET;i++)		//ÊéêÂ§¥ÂéªÂ∞æÊ±ÇÂíå
  30:APP/FreqPro.c **** 					Freq.total+=Freq.freqtemp[i];
  31:APP/FreqPro.c **** 				Freq.freq = Freq.total / (FREQTEMPCNT-(FREQOFFSET<<1));//ÂèñÂπ≥ÂùáÂÄº
  32:APP/FreqPro.c **** 			}
  33:APP/FreqPro.c **** 			Freq.Disp_Freq = FreqToDisp(Capture.CAP2_FFN.Freq);		//Â∞ÜÂÆöÊó∂Âô®ÊçïËé∑ËÆ°ÁÆóÁöÑÈ¢ëÁéáËΩ¨Êç¢‰∏
 157              		.loc 1 33 4 is_stmt 1 view .LVU29
 158              		.loc 1 33 21 is_stmt 0 view .LVU30
 159 0028 164B     		ldr	r3, .L14+4
 160 002a 588A     		ldrh	r0, [r3, #18]
 161 002c FFF7FEFF 		bl	FreqToDisp
 162              	.LVL12:
 163              		.loc 1 33 19 view .LVU31
 164 0030 134B     		ldr	r3, .L14
 165 0032 5860     		str	r0, [r3, #4]
  34:APP/FreqPro.c **** 			Freq.Status = FREQIDLE;
 166              		.loc 1 34 4 is_stmt 1 view .LVU32
 167              		.loc 1 34 16 is_stmt 0 view .LVU33
 168 0034 0122     		movs	r2, #1
 169 0036 1A70     		strb	r2, [r3]
  35:APP/FreqPro.c **** 			break;
 170              		.loc 1 35 4 is_stmt 1 view .LVU34
 171              	.L5:
  36:APP/FreqPro.c **** 		
  37:APP/FreqPro.c **** 		case FREQINIT:
  38:APP/FreqPro.c **** 			CaptureInit();											//ÂÆöÊó∂Âô®3ËæìÂÖ•ÊçïËé∑ÂàùÂßãÂåñÔºåÈááÈõÜÈ¢ëÁéá‰ø°Âè∑
  39:APP/FreqPro.c **** 			Freq.Status = FREQIDLE;
  40:APP/FreqPro.c **** 			break;
  41:APP/FreqPro.c **** 	}
  42:APP/FreqPro.c **** }
 172              		.loc 1 42 1 is_stmt 0 view .LVU35
 173 0038 08BD     		pop	{r3, pc}
 174              	.L12:
  26:APP/FreqPro.c **** 				Freq.total = 0;
 175              		.loc 1 26 5 is_stmt 1 view .LVU36
  26:APP/FreqPro.c **** 				Freq.total = 0;
 176              		.loc 1 26 14 is_stmt 0 view .LVU37
 177 003a 1148     		ldr	r0, .L14
 178 003c 0023     		movs	r3, #0
 179 003e 80F82A30 		strb	r3, [r0, #42]
  27:APP/FreqPro.c **** 				mySort_u8(Freq.freqtemp,FREQTEMPCNT);				//ÊéíÂ∫è
 180              		.loc 1 27 5 is_stmt 1 view .LVU38
  27:APP/FreqPro.c **** 				mySort_u8(Freq.freqtemp,FREQTEMPCNT);				//ÊéíÂ∫è
 181              		.loc 1 27 16 is_stmt 0 view .LVU39
 182 0042 0385     		strh	r3, [r0, #40]	@ movhi
  28:APP/FreqPro.c **** 				for(i=FREQOFFSET;i<FREQTEMPCNT-FREQOFFSET;i++)		//ÊéêÂ§¥ÂéªÂ∞æÊ±ÇÂíå
 183              		.loc 1 28 5 is_stmt 1 view .LVU40
 184 0044 1E21     		movs	r1, #30
ARM GAS  /var/folders/ww/n4ctlbrs3x70633t9y2ks63c0000gn/T//ccgi8jqs.s 			page 5


 185 0046 0930     		adds	r0, r0, #9
 186 0048 FFF7FEFF 		bl	mySort_u8
 187              	.LVL13:
  29:APP/FreqPro.c **** 					Freq.total+=Freq.freqtemp[i];
 188              		.loc 1 29 5 view .LVU41
  29:APP/FreqPro.c **** 					Freq.total+=Freq.freqtemp[i];
 189              		.loc 1 29 10 is_stmt 0 view .LVU42
 190 004c 0A23     		movs	r3, #10
 191              	.LVL14:
 192              	.L9:
  29:APP/FreqPro.c **** 					Freq.total+=Freq.freqtemp[i];
 193              		.loc 1 29 5 discriminator 1 view .LVU43
 194 004e 132B     		cmp	r3, #19
 195 0050 08D8     		bhi	.L13
  30:APP/FreqPro.c **** 				Freq.freq = Freq.total / (FREQTEMPCNT-(FREQOFFSET<<1));//ÂèñÂπ≥ÂùáÂÄº
 196              		.loc 1 30 6 is_stmt 1 discriminator 3 view .LVU44
  30:APP/FreqPro.c **** 				Freq.freq = Freq.total / (FREQTEMPCNT-(FREQOFFSET<<1));//ÂèñÂπ≥ÂùáÂÄº
 197              		.loc 1 30 31 is_stmt 0 discriminator 3 view .LVU45
 198 0052 0B4A     		ldr	r2, .L14
 199 0054 D118     		adds	r1, r2, r3
 200 0056 497A     		ldrb	r1, [r1, #9]	@ zero_extendqisi2
  30:APP/FreqPro.c **** 				Freq.freq = Freq.total / (FREQTEMPCNT-(FREQOFFSET<<1));//ÂèñÂπ≥ÂùáÂÄº
 201              		.loc 1 30 16 discriminator 3 view .LVU46
 202 0058 108D     		ldrh	r0, [r2, #40]
 203 005a 0144     		add	r1, r1, r0
 204 005c 1185     		strh	r1, [r2, #40]	@ movhi
  29:APP/FreqPro.c **** 					Freq.total+=Freq.freqtemp[i];
 205              		.loc 1 29 48 discriminator 3 view .LVU47
 206 005e 0133     		adds	r3, r3, #1
 207              	.LVL15:
  29:APP/FreqPro.c **** 					Freq.total+=Freq.freqtemp[i];
 208              		.loc 1 29 48 discriminator 3 view .LVU48
 209 0060 DBB2     		uxtb	r3, r3
 210              	.LVL16:
  29:APP/FreqPro.c **** 					Freq.total+=Freq.freqtemp[i];
 211              		.loc 1 29 48 discriminator 3 view .LVU49
 212 0062 F4E7     		b	.L9
 213              	.L13:
  31:APP/FreqPro.c **** 			}
 214              		.loc 1 31 5 is_stmt 1 view .LVU50
  31:APP/FreqPro.c **** 			}
 215              		.loc 1 31 21 is_stmt 0 view .LVU51
 216 0064 064A     		ldr	r2, .L14
 217 0066 138D     		ldrh	r3, [r2, #40]
 218              	.LVL17:
  31:APP/FreqPro.c **** 			}
 219              		.loc 1 31 15 view .LVU52
 220 0068 0749     		ldr	r1, .L14+8
 221 006a A1FB0313 		umull	r1, r3, r1, r3
 222 006e DB08     		lsrs	r3, r3, #3
 223 0070 1372     		strb	r3, [r2, #8]
 224 0072 D9E7     		b	.L8
 225              	.L6:
  38:APP/FreqPro.c **** 			Freq.Status = FREQIDLE;
 226              		.loc 1 38 4 is_stmt 1 view .LVU53
 227 0074 FFF7FEFF 		bl	CaptureInit
 228              	.LVL18:
ARM GAS  /var/folders/ww/n4ctlbrs3x70633t9y2ks63c0000gn/T//ccgi8jqs.s 			page 6


  39:APP/FreqPro.c **** 			break;
 229              		.loc 1 39 4 view .LVU54
  39:APP/FreqPro.c **** 			break;
 230              		.loc 1 39 16 is_stmt 0 view .LVU55
 231 0078 014B     		ldr	r3, .L14
 232 007a 0122     		movs	r2, #1
 233 007c 1A70     		strb	r2, [r3]
  40:APP/FreqPro.c **** 	}
 234              		.loc 1 40 4 is_stmt 1 view .LVU56
 235              		.loc 1 42 1 is_stmt 0 view .LVU57
 236 007e DBE7     		b	.L5
 237              	.L15:
 238              		.align	2
 239              	.L14:
 240 0080 00000000 		.word	.LANCHOR0
 241 0084 00000000 		.word	Capture
 242 0088 CDCCCCCC 		.word	-858993459
 243              		.cfi_endproc
 244              	.LFE66:
 246              		.global	Freq
 247              		.section	.data.Freq,"aw"
 248              		.align	2
 249              		.set	.LANCHOR0,. + 0
 252              	Freq:
 253 0000 00       		.byte	0
 254 0001 000000   		.space	3
 255 0004 3F3F3F00 		.word	4144959
 256 0008 00000000 		.space	36
 256      00000000 
 256      00000000 
 256      00000000 
 256      00000000 
 257              		.text
 258              	.Letext0:
 259              		.file 2 "/Users/shuuyou/gcc-arm-none-eabi/arm-none-eabi/include/machine/_default_types.h"
 260              		.file 3 "/Users/shuuyou/gcc-arm-none-eabi/arm-none-eabi/include/sys/_stdint.h"
 261              		.file 4 "Inc/stm32l152xe.h"
 262              		.file 5 "/Users/shuuyou/gcc-arm-none-eabi/lib/gcc/arm-none-eabi/8.3.1/include/stddef.h"
 263              		.file 6 "/Users/shuuyou/gcc-arm-none-eabi/arm-none-eabi/include/sys/_types.h"
 264              		.file 7 "/Users/shuuyou/gcc-arm-none-eabi/arm-none-eabi/include/sys/reent.h"
 265              		.file 8 "/Users/shuuyou/gcc-arm-none-eabi/arm-none-eabi/include/sys/lock.h"
 266              		.file 9 "Inc/core_cm3.h"
 267              		.file 10 "APP/inc/Public.h"
 268              		.file 11 "RML1028B/RML1028B.h"
 269              		.file 12 "HARDWARE/inc/Temputer.h"
 270              		.file 13 "HARDWARE/inc/Adc.h"
 271              		.file 14 "HARDWARE/inc/Timer.h"
 272              		.file 15 "HARDWARE/inc/Control.h"
 273              		.file 16 "TOOL/inc/malloc.h"
 274              		.file 17 "TOOL/inc/TaskManger.h"
 275              		.file 18 "DISPALY/inc/DispManger.h"
 276              		.file 19 "TOOL/inc/CrcUtil.h"
 277              		.file 20 "APP/inc/VolPro.h"
 278              		.file 21 "APP/inc/ParasCheckPro.h"
 279              		.file 22 "APP/inc/TemputerPro.h"
 280              		.file 23 "APP/inc/FreqPro.h"
ARM GAS  /var/folders/ww/n4ctlbrs3x70633t9y2ks63c0000gn/T//ccgi8jqs.s 			page 7


DEFINED SYMBOLS
                            *ABS*:0000000000000000 FreqPro.c
/var/folders/ww/n4ctlbrs3x70633t9y2ks63c0000gn/T//ccgi8jqs.s:16     .text.FreqToDisp:0000000000000000 $t
/var/folders/ww/n4ctlbrs3x70633t9y2ks63c0000gn/T//ccgi8jqs.s:24     .text.FreqToDisp:0000000000000000 FreqToDisp
/var/folders/ww/n4ctlbrs3x70633t9y2ks63c0000gn/T//ccgi8jqs.s:104    .text.FreqToDisp:000000000000005c $d
/var/folders/ww/n4ctlbrs3x70633t9y2ks63c0000gn/T//ccgi8jqs.s:110    .text.FreqPro:0000000000000000 $t
/var/folders/ww/n4ctlbrs3x70633t9y2ks63c0000gn/T//ccgi8jqs.s:117    .text.FreqPro:0000000000000000 FreqPro
/var/folders/ww/n4ctlbrs3x70633t9y2ks63c0000gn/T//ccgi8jqs.s:240    .text.FreqPro:0000000000000080 $d
/var/folders/ww/n4ctlbrs3x70633t9y2ks63c0000gn/T//ccgi8jqs.s:252    .data.Freq:0000000000000000 Freq
/var/folders/ww/n4ctlbrs3x70633t9y2ks63c0000gn/T//ccgi8jqs.s:248    .data.Freq:0000000000000000 $d

UNDEFINED SYMBOLS
NumToDispCode
mySort_u8
CaptureInit
Capture
