ARM GAS  /var/folders/ww/n4ctlbrs3x70633t9y2ks63c0000gn/T//ccFd2F7E.s 			page 1


   1              		.cpu cortex-m3
   2              		.eabi_attribute 20, 1
   3              		.eabi_attribute 21, 1
   4              		.eabi_attribute 23, 3
   5              		.eabi_attribute 24, 1
   6              		.eabi_attribute 25, 1
   7              		.eabi_attribute 26, 1
   8              		.eabi_attribute 30, 1
   9              		.eabi_attribute 34, 1
  10              		.eabi_attribute 18, 4
  11              		.file	"Keys.c"
  12              		.text
  13              	.Ltext0:
  14              		.cfi_sections	.debug_frame
  15              		.section	.text.KeysInit,"ax",%progbits
  16              		.align	1
  17              		.global	KeysInit
  18              		.arch armv7-m
  19              		.syntax unified
  20              		.thumb
  21              		.thumb_func
  22              		.fpu softvfp
  24              	KeysInit:
  25              	.LFB65:
  26              		.file 1 "HARDWARE/Keys.c"
   1:HARDWARE/Keys.c **** #include "Keys.h"
   2:HARDWARE/Keys.c **** 
   3:HARDWARE/Keys.c **** void KeysInit(void)
   4:HARDWARE/Keys.c **** {
  27              		.loc 1 4 1 view -0
  28              		.cfi_startproc
  29              		@ args = 0, pretend = 0, frame = 0
  30              		@ frame_needed = 0, uses_anonymous_args = 0
  31              		@ link register save eliminated.
   5:HARDWARE/Keys.c **** 	RCC->AHBENR |= 0x01;//使能PA时钟
  32              		.loc 1 5 2 view .LVU1
  33              		.loc 1 5 14 is_stmt 0 view .LVU2
  34 0000 074A     		ldr	r2, .L2
  35 0002 D369     		ldr	r3, [r2, #28]
  36 0004 43F00103 		orr	r3, r3, #1
  37 0008 D361     		str	r3, [r2, #28]
   6:HARDWARE/Keys.c **** 	GPIOA->MODER &= 0xFFFFFFF0;//清除PA0、1原有配置
  38              		.loc 1 6 2 is_stmt 1 view .LVU3
  39              		.loc 1 6 15 is_stmt 0 view .LVU4
  40 000a 064B     		ldr	r3, .L2+4
  41 000c 1A68     		ldr	r2, [r3]
  42 000e 22F00F02 		bic	r2, r2, #15
  43 0012 1A60     		str	r2, [r3]
   7:HARDWARE/Keys.c **** 	GPIOA->PUPDR |= 0x05;//上拉
  44              		.loc 1 7 2 is_stmt 1 view .LVU5
  45              		.loc 1 7 15 is_stmt 0 view .LVU6
  46 0014 DA68     		ldr	r2, [r3, #12]
  47 0016 42F00502 		orr	r2, r2, #5
  48 001a DA60     		str	r2, [r3, #12]
   8:HARDWARE/Keys.c **** }
  49              		.loc 1 8 1 view .LVU7
  50 001c 7047     		bx	lr
ARM GAS  /var/folders/ww/n4ctlbrs3x70633t9y2ks63c0000gn/T//ccFd2F7E.s 			page 2


  51              	.L3:
  52 001e 00BF     		.align	2
  53              	.L2:
  54 0020 00380240 		.word	1073887232
  55 0024 00000240 		.word	1073872896
  56              		.cfi_endproc
  57              	.LFE65:
  59              		.text
  60              	.Letext0:
  61              		.file 2 "/Users/shuuyou/gcc-arm-none-eabi/arm-none-eabi/include/machine/_default_types.h"
  62              		.file 3 "/Users/shuuyou/gcc-arm-none-eabi/arm-none-eabi/include/sys/_stdint.h"
  63              		.file 4 "Inc/stm32l152xe.h"
  64              		.file 5 "/Users/shuuyou/gcc-arm-none-eabi/lib/gcc/arm-none-eabi/8.3.1/include/stddef.h"
  65              		.file 6 "/Users/shuuyou/gcc-arm-none-eabi/arm-none-eabi/include/sys/_types.h"
  66              		.file 7 "/Users/shuuyou/gcc-arm-none-eabi/arm-none-eabi/include/sys/reent.h"
  67              		.file 8 "/Users/shuuyou/gcc-arm-none-eabi/arm-none-eabi/include/sys/lock.h"
  68              		.file 9 "Inc/core_cm3.h"
  69              		.file 10 "APP/inc/Public.h"
  70              		.file 11 "RML1028B/RML1028B.h"
  71              		.file 12 "HARDWARE/inc/Temputer.h"
  72              		.file 13 "HARDWARE/inc/Adc.h"
  73              		.file 14 "HARDWARE/inc/Timer.h"
  74              		.file 15 "HARDWARE/inc/Control.h"
  75              		.file 16 "TOOL/inc/malloc.h"
  76              		.file 17 "TOOL/inc/TaskManger.h"
  77              		.file 18 "DISPALY/inc/DispManger.h"
  78              		.file 19 "TOOL/inc/CrcUtil.h"
  79              		.file 20 "APP/inc/VolPro.h"
  80              		.file 21 "APP/inc/FreqPro.h"
  81              		.file 22 "APP/inc/ParasCheckPro.h"
  82              		.file 23 "APP/inc/TemputerPro.h"
ARM GAS  /var/folders/ww/n4ctlbrs3x70633t9y2ks63c0000gn/T//ccFd2F7E.s 			page 3


DEFINED SYMBOLS
                            *ABS*:0000000000000000 Keys.c
/var/folders/ww/n4ctlbrs3x70633t9y2ks63c0000gn/T//ccFd2F7E.s:16     .text.KeysInit:0000000000000000 $t
/var/folders/ww/n4ctlbrs3x70633t9y2ks63c0000gn/T//ccFd2F7E.s:24     .text.KeysInit:0000000000000000 KeysInit
/var/folders/ww/n4ctlbrs3x70633t9y2ks63c0000gn/T//ccFd2F7E.s:54     .text.KeysInit:0000000000000020 $d

NO UNDEFINED SYMBOLS
