ARM GAS  /var/folders/ww/n4ctlbrs3x70633t9y2ks63c0000gn/T//cckE0cHw.s 			page 1


   1              		.cpu cortex-m3
   2              		.eabi_attribute 20, 1
   3              		.eabi_attribute 21, 1
   4              		.eabi_attribute 23, 3
   5              		.eabi_attribute 24, 1
   6              		.eabi_attribute 25, 1
   7              		.eabi_attribute 26, 1
   8              		.eabi_attribute 30, 1
   9              		.eabi_attribute 34, 1
  10              		.eabi_attribute 18, 4
  11              		.file	"main.c"
  12              		.text
  13              	.Ltext0:
  14              		.cfi_sections	.debug_frame
  15              		.section	.text.main,"ax",%progbits
  16              		.align	1
  17              		.global	main
  18              		.arch armv7-m
  19              		.syntax unified
  20              		.thumb
  21              		.thumb_func
  22              		.fpu softvfp
  24              	main:
  25              	.LFB65:
  26              		.file 1 "APP/main.c"
   1:APP/main.c    **** #include "Public.h"
   2:APP/main.c    **** 
   3:APP/main.c    **** _Task *RunLedTask;               	 //ËøêË°åÊåáÁ§∫ÁÅØ‰ªªÂä°ÊéßÂà∂Âùó
   4:APP/main.c    **** _Task *VolTask;                       	 //ÁîµÂéãÈááÈõÜ‰ªªÂä°ÊéßÂà∂Âùó
   5:APP/main.c    **** _Task *MainFreqTask;        		//Â∏ÇÁîµÈ¢ëÁéáËΩ¨Êç¢‰ªªÂä°ÊéßÂà∂Âùó
   6:APP/main.c    **** _Task *WindFreqTask;       		 //È£éÁîµÈ¢ëÁéáËΩ¨Êç¢‰ªªÂä°ÊéßÂà∂Âùó
   7:APP/main.c    **** _Task *CtrTask;                        //Á´ØÂè£ÊéßÂà∂‰ªªÂä°ÊéßÂà∂Âùó
   8:APP/main.c    **** _Task *KeyTask;                        //ÊåâÈîÆÊâ´Êèè‰ªªÂä°ÊéßÂà∂Âùó
   9:APP/main.c    **** _Task *ParasCheckTask;        //ÂèÇÊï∞Ê£ÄÊµã‰ªªÂä°ÊéßÂà∂Âùó
  10:APP/main.c    **** 
  11:APP/main.c    **** u8 volComplt = 0;
  12:APP/main.c    **** 
  13:APP/main.c    **** int main(void)
  14:APP/main.c    **** {
  27              		.loc 1 14 1 view -0
  28              		.cfi_startproc
  29              		@ args = 0, pretend = 0, frame = 0
  30              		@ frame_needed = 0, uses_anonymous_args = 0
  31 0000 30B5     		push	{r4, r5, lr}
  32              	.LCFI0:
  33              		.cfi_def_cfa_offset 12
  34              		.cfi_offset 4, -12
  35              		.cfi_offset 5, -8
  36              		.cfi_offset 14, -4
  37 0002 89B0     		sub	sp, sp, #36
  38              	.LCFI1:
  39              		.cfi_def_cfa_offset 48
  15:APP/main.c    **** 	McuInit();
  40              		.loc 1 15 2 view .LVU1
  41 0004 FFF7FEFF 		bl	McuInit
  42              	.LVL0:
  16:APP/main.c    **** 	my_mem_init();                                                                                    
ARM GAS  /var/folders/ww/n4ctlbrs3x70633t9y2ks63c0000gn/T//cckE0cHw.s 			page 2


  43              		.loc 1 16 2 view .LVU2
  44 0008 FFF7FEFF 		bl	my_mem_init
  45              	.LVL1:
  17:APP/main.c    **** 	Uart1Init(115200);
  46              		.loc 1 17 2 view .LVU3
  47 000c 4FF4E130 		mov	r0, #115200
  48 0010 FFF7FEFF 		bl	Uart1Init
  49              	.LVL2:
  18:APP/main.c    **** 	Uart2Init(115200);
  50              		.loc 1 18 2 view .LVU4
  51 0014 4FF4E130 		mov	r0, #115200
  52 0018 FFF7FEFF 		bl	Uart2Init
  53              	.LVL3:
  19:APP/main.c    **** 
  20:APP/main.c    **** 	AdcInit();                                                                                        
  54              		.loc 1 20 2 view .LVU5
  55 001c FFF7FEFF 		bl	AdcInit
  56              	.LVL4:
  21:APP/main.c    **** 	BeepInit();                                                                                       
  57              		.loc 1 21 2 view .LVU6
  58 0020 FFF7FEFF 		bl	BeepInit
  59              	.LVL5:
  22:APP/main.c    **** 	DispInit();                                                                                       
  60              		.loc 1 22 2 view .LVU7
  61 0024 FFF7FEFF 		bl	DispInit
  62              	.LVL6:
  23:APP/main.c    **** 
  24:APP/main.c    **** 	VolTask = CreateTask(0, 0, 0, 0, 5, VolPro);                        	//ÁîµÂéãÈááÈõÜ‰ªªÂä°,ÊØè5ÊØ´Á
  63              		.loc 1 24 2 view .LVU8
  64              		.loc 1 24 12 is_stmt 0 view .LVU9
  65 0028 3D4B     		ldr	r3, .L3
  66 002a 0693     		str	r3, [sp, #24]
  67 002c 0522     		movs	r2, #5
  68 002e 0023     		movs	r3, #0
  69 0030 CDE90423 		strd	r2, [sp, #16]
  70 0034 0024     		movs	r4, #0
  71 0036 0025     		movs	r5, #0
  72 0038 CDE90245 		strd	r4, [sp, #8]
  73 003c CDE90045 		strd	r4, [sp]
  74 0040 2246     		mov	r2, r4
  75 0042 2B46     		mov	r3, r5
  76 0044 2046     		mov	r0, r4
  77 0046 2946     		mov	r1, r5
  78 0048 FFF7FEFF 		bl	CreateTask
  79              	.LVL7:
  80              		.loc 1 24 10 view .LVU10
  81 004c 354B     		ldr	r3, .L3+4
  82 004e 1860     		str	r0, [r3]
  25:APP/main.c    **** 	WindFreqTask = CreateTask(0, 0, 0, 0, 0, FreqPro);                 //È£éËÉΩ/Â∏ÇÁîµÈ¢ëÁéáÈááÈõÜ
  83              		.loc 1 25 2 is_stmt 1 view .LVU11
  84              		.loc 1 25 17 is_stmt 0 view .LVU12
  85 0050 354B     		ldr	r3, .L3+8
  86 0052 0693     		str	r3, [sp, #24]
  87 0054 CDE90445 		strd	r4, [sp, #16]
  88 0058 CDE90245 		strd	r4, [sp, #8]
  89 005c CDE90045 		strd	r4, [sp]
  90 0060 2246     		mov	r2, r4
ARM GAS  /var/folders/ww/n4ctlbrs3x70633t9y2ks63c0000gn/T//cckE0cHw.s 			page 3


  91 0062 2B46     		mov	r3, r5
  92 0064 2046     		mov	r0, r4
  93 0066 2946     		mov	r1, r5
  94 0068 FFF7FEFF 		bl	CreateTask
  95              	.LVL8:
  96              		.loc 1 25 15 view .LVU13
  97 006c 2F4B     		ldr	r3, .L3+12
  98 006e 1860     		str	r0, [r3]
  26:APP/main.c    **** 	ParasCheckTask = CreateTask(0, 0, 0, 0, 0, ParasCheckPro);     //Âà§Êñ≠Á≥ªÁªüÂêÑÈ°πÂèÇÊï∞ÊòØÂê¶Ê≠£
  99              		.loc 1 26 2 is_stmt 1 view .LVU14
 100              		.loc 1 26 19 is_stmt 0 view .LVU15
 101 0070 2F4B     		ldr	r3, .L3+16
 102 0072 0693     		str	r3, [sp, #24]
 103 0074 CDE90445 		strd	r4, [sp, #16]
 104 0078 CDE90245 		strd	r4, [sp, #8]
 105 007c CDE90045 		strd	r4, [sp]
 106 0080 2246     		mov	r2, r4
 107 0082 2B46     		mov	r3, r5
 108 0084 2046     		mov	r0, r4
 109 0086 2946     		mov	r1, r5
 110 0088 FFF7FEFF 		bl	CreateTask
 111              	.LVL9:
 112              		.loc 1 26 17 view .LVU16
 113 008c 294B     		ldr	r3, .L3+20
 114 008e 1860     		str	r0, [r3]
  27:APP/main.c    **** 	CtrTask = CreateTask(0, 0, 0, 0, 0, CtrPro);                        	//ËæìÂá∫Á´ØÂè£ÊéßÂà∂‰ªªÂä°
 115              		.loc 1 27 2 is_stmt 1 view .LVU17
 116              		.loc 1 27 12 is_stmt 0 view .LVU18
 117 0090 294B     		ldr	r3, .L3+24
 118 0092 0693     		str	r3, [sp, #24]
 119 0094 CDE90445 		strd	r4, [sp, #16]
 120 0098 CDE90245 		strd	r4, [sp, #8]
 121 009c CDE90045 		strd	r4, [sp]
 122 00a0 2246     		mov	r2, r4
 123 00a2 2B46     		mov	r3, r5
 124 00a4 2046     		mov	r0, r4
 125 00a6 2946     		mov	r1, r5
 126 00a8 FFF7FEFF 		bl	CreateTask
 127              	.LVL10:
 128              		.loc 1 27 10 view .LVU19
 129 00ac 234B     		ldr	r3, .L3+28
 130 00ae 1860     		str	r0, [r3]
  28:APP/main.c    **** 	KeyTask = CreateTask(0, 0, 0, 0, 20, KeyPro);                		//ÂàõÂª∫ÊåâÈîÆÊ£ÄÊµã‰ªªÂä°
 131              		.loc 1 28 2 is_stmt 1 view .LVU20
 132              		.loc 1 28 12 is_stmt 0 view .LVU21
 133 00b0 234B     		ldr	r3, .L3+32
 134 00b2 0693     		str	r3, [sp, #24]
 135 00b4 1422     		movs	r2, #20
 136 00b6 0023     		movs	r3, #0
 137 00b8 CDE90423 		strd	r2, [sp, #16]
 138 00bc CDE90245 		strd	r4, [sp, #8]
 139 00c0 CDE90045 		strd	r4, [sp]
 140 00c4 2246     		mov	r2, r4
 141 00c6 2B46     		mov	r3, r5
 142 00c8 2046     		mov	r0, r4
 143 00ca 2946     		mov	r1, r5
 144 00cc FFF7FEFF 		bl	CreateTask
ARM GAS  /var/folders/ww/n4ctlbrs3x70633t9y2ks63c0000gn/T//cckE0cHw.s 			page 4


 145              	.LVL11:
 146              		.loc 1 28 10 view .LVU22
 147 00d0 1C4B     		ldr	r3, .L3+36
 148 00d2 1860     		str	r0, [r3]
  29:APP/main.c    **** 	CreateTask(0, 0, 0, 0, 50, TemputerPro);								//Ê∏©Â∫¶Ê£ÄÊµã‰ªªÂä°
 149              		.loc 1 29 2 is_stmt 1 view .LVU23
 150 00d4 1C4B     		ldr	r3, .L3+40
 151 00d6 0693     		str	r3, [sp, #24]
 152 00d8 3222     		movs	r2, #50
 153 00da 0023     		movs	r3, #0
 154 00dc CDE90423 		strd	r2, [sp, #16]
 155 00e0 CDE90245 		strd	r4, [sp, #8]
 156 00e4 CDE90045 		strd	r4, [sp]
 157 00e8 2246     		mov	r2, r4
 158 00ea 2B46     		mov	r3, r5
 159 00ec 2046     		mov	r0, r4
 160 00ee 2946     		mov	r1, r5
 161 00f0 FFF7FEFF 		bl	CreateTask
 162              	.LVL12:
  30:APP/main.c    **** 
  31:APP/main.c    **** 	CreateTask(0, 0, 0, 1, 0, DebugPro);                                       //Ë∞ÉËØï‰ªªÂä°
 163              		.loc 1 31 2 view .LVU24
 164 00f4 154B     		ldr	r3, .L3+44
 165 00f6 0693     		str	r3, [sp, #24]
 166 00f8 CDE90445 		strd	r4, [sp, #16]
 167 00fc 0122     		movs	r2, #1
 168 00fe 0023     		movs	r3, #0
 169 0100 CDE90223 		strd	r2, [sp, #8]
 170 0104 CDE90045 		strd	r4, [sp]
 171 0108 2246     		mov	r2, r4
 172 010a 2B46     		mov	r3, r5
 173 010c 2046     		mov	r0, r4
 174 010e 2946     		mov	r1, r5
 175 0110 FFF7FEFF 		bl	CreateTask
 176              	.LVL13:
  32:APP/main.c    **** 
  33:APP/main.c    **** 	ExecTask();                                                                                       
 177              		.loc 1 33 2 view .LVU25
 178 0114 FFF7FEFF 		bl	ExecTask
 179              	.LVL14:
  34:APP/main.c    **** }
 180              		.loc 1 34 1 is_stmt 0 view .LVU26
 181 0118 0020     		movs	r0, #0
 182 011a 09B0     		add	sp, sp, #36
 183              	.LCFI2:
 184              		.cfi_def_cfa_offset 12
 185              		@ sp needed
 186 011c 30BD     		pop	{r4, r5, pc}
 187              	.L4:
 188 011e 00BF     		.align	2
 189              	.L3:
 190 0120 00000000 		.word	VolPro
 191 0124 00000000 		.word	VolTask
 192 0128 00000000 		.word	FreqPro
 193 012c 00000000 		.word	WindFreqTask
 194 0130 00000000 		.word	ParasCheckPro
 195 0134 00000000 		.word	ParasCheckTask
ARM GAS  /var/folders/ww/n4ctlbrs3x70633t9y2ks63c0000gn/T//cckE0cHw.s 			page 5


 196 0138 00000000 		.word	CtrPro
 197 013c 00000000 		.word	CtrTask
 198 0140 00000000 		.word	KeyPro
 199 0144 00000000 		.word	KeyTask
 200 0148 00000000 		.word	TemputerPro
 201 014c 00000000 		.word	DebugPro
 202              		.cfi_endproc
 203              	.LFE65:
 205              		.global	volComplt
 206              		.comm	ParasCheckTask,4,4
 207              		.comm	KeyTask,4,4
 208              		.comm	CtrTask,4,4
 209              		.comm	WindFreqTask,4,4
 210              		.comm	MainFreqTask,4,4
 211              		.comm	VolTask,4,4
 212              		.comm	RunLedTask,4,4
 213              		.section	.bss.volComplt,"aw",%nobits
 216              	volComplt:
 217 0000 00       		.space	1
 218              		.text
 219              	.Letext0:
 220              		.file 2 "/Users/shuuyou/gcc-arm-none-eabi/arm-none-eabi/include/machine/_default_types.h"
 221              		.file 3 "/Users/shuuyou/gcc-arm-none-eabi/arm-none-eabi/include/sys/_stdint.h"
 222              		.file 4 "Inc/stm32l152xe.h"
 223              		.file 5 "/Users/shuuyou/gcc-arm-none-eabi/lib/gcc/arm-none-eabi/8.3.1/include/stddef.h"
 224              		.file 6 "/Users/shuuyou/gcc-arm-none-eabi/arm-none-eabi/include/sys/_types.h"
 225              		.file 7 "/Users/shuuyou/gcc-arm-none-eabi/arm-none-eabi/include/sys/reent.h"
 226              		.file 8 "/Users/shuuyou/gcc-arm-none-eabi/arm-none-eabi/include/sys/lock.h"
 227              		.file 9 "Inc/core_cm3.h"
 228              		.file 10 "APP/inc/Public.h"
 229              		.file 11 "RML1028B/RML1028B.h"
 230              		.file 12 "HARDWARE/inc/Temputer.h"
 231              		.file 13 "HARDWARE/inc/Adc.h"
 232              		.file 14 "HARDWARE/inc/Timer.h"
 233              		.file 15 "HARDWARE/inc/Control.h"
 234              		.file 16 "TOOL/inc/malloc.h"
 235              		.file 17 "TOOL/inc/TaskManger.h"
 236              		.file 18 "DISPALY/inc/DispManger.h"
 237              		.file 19 "TOOL/inc/CrcUtil.h"
 238              		.file 20 "APP/inc/VolPro.h"
 239              		.file 21 "APP/inc/FreqPro.h"
 240              		.file 22 "APP/inc/ParasCheckPro.h"
 241              		.file 23 "APP/inc/TemputerPro.h"
 242              		.file 24 "HARDWARE/inc/Mcu.h"
 243              		.file 25 "HARDWARE/inc/Uart.h"
 244              		.file 26 "HARDWARE/inc/Beep.h"
ARM GAS  /var/folders/ww/n4ctlbrs3x70633t9y2ks63c0000gn/T//cckE0cHw.s 			page 6


DEFINED SYMBOLS
                            *ABS*:0000000000000000 main.c
/var/folders/ww/n4ctlbrs3x70633t9y2ks63c0000gn/T//cckE0cHw.s:16     .text.main:0000000000000000 $t
/var/folders/ww/n4ctlbrs3x70633t9y2ks63c0000gn/T//cckE0cHw.s:24     .text.main:0000000000000000 main
/var/folders/ww/n4ctlbrs3x70633t9y2ks63c0000gn/T//cckE0cHw.s:190    .text.main:0000000000000120 $d
                            *COM*:0000000000000004 VolTask
                            *COM*:0000000000000004 WindFreqTask
                            *COM*:0000000000000004 ParasCheckTask
                            *COM*:0000000000000004 CtrTask
                            *COM*:0000000000000004 KeyTask
/var/folders/ww/n4ctlbrs3x70633t9y2ks63c0000gn/T//cckE0cHw.s:216    .bss.volComplt:0000000000000000 volComplt
                            *COM*:0000000000000004 MainFreqTask
                            *COM*:0000000000000004 RunLedTask
/var/folders/ww/n4ctlbrs3x70633t9y2ks63c0000gn/T//cckE0cHw.s:217    .bss.volComplt:0000000000000000 $d

UNDEFINED SYMBOLS
McuInit
my_mem_init
Uart1Init
Uart2Init
AdcInit
BeepInit
DispInit
CreateTask
ExecTask
VolPro
FreqPro
ParasCheckPro
CtrPro
KeyPro
TemputerPro
DebugPro
