ARM GAS  /var/folders/ww/n4ctlbrs3x70633t9y2ks63c0000gn/T//cc3WPJhv.s 			page 1


   1              		.cpu cortex-m3
   2              		.eabi_attribute 20, 1
   3              		.eabi_attribute 21, 1
   4              		.eabi_attribute 23, 3
   5              		.eabi_attribute 24, 1
   6              		.eabi_attribute 25, 1
   7              		.eabi_attribute 26, 1
   8              		.eabi_attribute 30, 1
   9              		.eabi_attribute 34, 1
  10              		.eabi_attribute 18, 4
  11              		.file	"malloc.c"
  12              		.text
  13              	.Ltext0:
  14              		.cfi_sections	.debug_frame
  15              		.section	.text.my_mem_perused,"ax",%progbits
  16              		.align	1
  17              		.global	my_mem_perused
  18              		.arch armv7-m
  19              		.syntax unified
  20              		.thumb
  21              		.thumb_func
  22              		.fpu softvfp
  24              	my_mem_perused:
  25              	.LFB68:
  26              		.file 1 "TOOL/malloc.c"
   1:TOOL/malloc.c **** #include "malloc.h"	   
   2:TOOL/malloc.c **** 
   3:TOOL/malloc.c **** vu32 MemUsed = 0;
   4:TOOL/malloc.c **** 
   5:TOOL/malloc.c **** //内存池(32字节对齐)
   6:TOOL/malloc.c **** u8 mem1base[MEM1_MAX_SIZE];																//内部SRAM内存池
   7:TOOL/malloc.c **** //内存管理表
   8:TOOL/malloc.c **** u32 mem1mapbase[MEM1_ALLOC_TABLE_SIZE];																//内部SRAM内存池MAP
   9:TOOL/malloc.c **** //内存管理参数	   
  10:TOOL/malloc.c **** const u32 memtblsize=MEM1_ALLOC_TABLE_SIZE;	//内存表大小
  11:TOOL/malloc.c **** const u32 memblksize=MEM1_BLOCK_SIZE;					//内存分块大小
  12:TOOL/malloc.c **** const u32 memsize=MEM1_MAX_SIZE;							//内存总大小
  13:TOOL/malloc.c **** 
  14:TOOL/malloc.c **** //内存管理控制器
  15:TOOL/malloc.c **** struct _m_mallco_dev mallco_dev=
  16:TOOL/malloc.c **** {
  17:TOOL/malloc.c **** 	my_mem_init,						//内存初始化
  18:TOOL/malloc.c **** 	my_mem_perused,						//内存使用率
  19:TOOL/malloc.c **** 	mem1base,			//内存池
  20:TOOL/malloc.c **** 	mem1mapbase,//内存管理状态表
  21:TOOL/malloc.c **** 	0,  		 					//内存管理未就绪
  22:TOOL/malloc.c **** };
  23:TOOL/malloc.c **** 
  24:TOOL/malloc.c **** //复制内存
  25:TOOL/malloc.c **** //*des:目的地址
  26:TOOL/malloc.c **** //*src:源地址
  27:TOOL/malloc.c **** //n:需要复制的内存长度(字节为单位)
  28:TOOL/malloc.c **** void mymemcpy(void *des,void *src,u32 n)  
  29:TOOL/malloc.c **** {  
  30:TOOL/malloc.c ****     u8 *xdes=des;
  31:TOOL/malloc.c **** 	u8 *xsrc=src; 
  32:TOOL/malloc.c ****     while(n--)*xdes++=*xsrc++;  
ARM GAS  /var/folders/ww/n4ctlbrs3x70633t9y2ks63c0000gn/T//cc3WPJhv.s 			page 2


  33:TOOL/malloc.c **** }  
  34:TOOL/malloc.c **** //设置内存
  35:TOOL/malloc.c **** //*s:内存首地址
  36:TOOL/malloc.c **** //c :要设置的值
  37:TOOL/malloc.c **** //count:需要设置的内存大小(字节为单位)
  38:TOOL/malloc.c **** void mymemset(void *s,u8 c,u32 count)  
  39:TOOL/malloc.c **** {  
  40:TOOL/malloc.c ****     u8 *xs = s;  
  41:TOOL/malloc.c ****     while(count--)*xs++=c;  
  42:TOOL/malloc.c **** }	
  43:TOOL/malloc.c **** //内存管理初始化  
  44:TOOL/malloc.c **** //memx:所属内存块
  45:TOOL/malloc.c **** void my_mem_init(void)  
  46:TOOL/malloc.c **** {  
  47:TOOL/malloc.c ****     mymemset(mallco_dev.memmap,0,memtblsize*4);	//内存状态表数据清零  
  48:TOOL/malloc.c ****  	mallco_dev.memrdy=1;								//内存管理初始化OK  
  49:TOOL/malloc.c **** }  
  50:TOOL/malloc.c **** //获取内存使用率
  51:TOOL/malloc.c **** //memx:所属内存块
  52:TOOL/malloc.c **** //返回值:使用率(扩大了10倍,0~1000,代表0.0%~100.0%)
  53:TOOL/malloc.c **** u32 my_mem_perused(void) 
  54:TOOL/malloc.c **** {  
  27              		.loc 1 54 1 view -0
  28              		.cfi_startproc
  29              		@ args = 0, pretend = 0, frame = 0
  30              		@ frame_needed = 0, uses_anonymous_args = 0
  31              		@ link register save eliminated.
  55:TOOL/malloc.c ****     return MemUsed;  
  32              		.loc 1 55 5 view .LVU1
  33              		.loc 1 55 12 is_stmt 0 view .LVU2
  34 0000 014B     		ldr	r3, .L2
  35 0002 1868     		ldr	r0, [r3]
  56:TOOL/malloc.c **** }  
  36              		.loc 1 56 1 view .LVU3
  37 0004 7047     		bx	lr
  38              	.L3:
  39 0006 00BF     		.align	2
  40              	.L2:
  41 0008 00000000 		.word	.LANCHOR0
  42              		.cfi_endproc
  43              	.LFE68:
  45              		.section	.text.mymemcpy,"ax",%progbits
  46              		.align	1
  47              		.global	mymemcpy
  48              		.syntax unified
  49              		.thumb
  50              		.thumb_func
  51              		.fpu softvfp
  53              	mymemcpy:
  54              	.LVL0:
  55              	.LFB65:
  29:TOOL/malloc.c ****     u8 *xdes=des;
  56              		.loc 1 29 1 is_stmt 1 view -0
  57              		.cfi_startproc
  58              		@ args = 0, pretend = 0, frame = 0
  59              		@ frame_needed = 0, uses_anonymous_args = 0
  60              		@ link register save eliminated.
ARM GAS  /var/folders/ww/n4ctlbrs3x70633t9y2ks63c0000gn/T//cc3WPJhv.s 			page 3


  30:TOOL/malloc.c **** 	u8 *xsrc=src; 
  61              		.loc 1 30 5 view .LVU5
  31:TOOL/malloc.c ****     while(n--)*xdes++=*xsrc++;  
  62              		.loc 1 31 2 view .LVU6
  32:TOOL/malloc.c **** }  
  63              		.loc 1 32 5 view .LVU7
  64              	.L5:
  32:TOOL/malloc.c **** }  
  65              		.loc 1 32 12 is_stmt 0 discriminator 1 view .LVU8
  66 0000 531E     		subs	r3, r2, #1
  67              	.LVL1:
  32:TOOL/malloc.c **** }  
  68              		.loc 1 32 10 discriminator 1 view .LVU9
  69 0002 2AB1     		cbz	r2, .L7
  32:TOOL/malloc.c **** }  
  70              		.loc 1 32 15 is_stmt 1 discriminator 2 view .LVU10
  71              	.LVL2:
  32:TOOL/malloc.c **** }  
  72              		.loc 1 32 23 is_stmt 0 discriminator 2 view .LVU11
  73 0004 11F8012B 		ldrb	r2, [r1], #1	@ zero_extendqisi2
  74              	.LVL3:
  32:TOOL/malloc.c **** }  
  75              		.loc 1 32 22 discriminator 2 view .LVU12
  76 0008 00F8012B 		strb	r2, [r0], #1
  77              	.LVL4:
  32:TOOL/malloc.c **** }  
  78              		.loc 1 32 12 discriminator 2 view .LVU13
  79 000c 1A46     		mov	r2, r3
  80 000e F7E7     		b	.L5
  81              	.LVL5:
  82              	.L7:
  33:TOOL/malloc.c **** //设置内存
  83              		.loc 1 33 1 view .LVU14
  84 0010 7047     		bx	lr
  85              		.cfi_endproc
  86              	.LFE65:
  88              		.section	.text.mymemset,"ax",%progbits
  89              		.align	1
  90              		.global	mymemset
  91              		.syntax unified
  92              		.thumb
  93              		.thumb_func
  94              		.fpu softvfp
  96              	mymemset:
  97              	.LVL6:
  98              	.LFB66:
  39:TOOL/malloc.c ****     u8 *xs = s;  
  99              		.loc 1 39 1 is_stmt 1 view -0
 100              		.cfi_startproc
 101              		@ args = 0, pretend = 0, frame = 0
 102              		@ frame_needed = 0, uses_anonymous_args = 0
 103              		@ link register save eliminated.
  40:TOOL/malloc.c ****     while(count--)*xs++=c;  
 104              		.loc 1 40 5 view .LVU16
  41:TOOL/malloc.c **** }	
 105              		.loc 1 41 5 view .LVU17
 106              	.L9:
ARM GAS  /var/folders/ww/n4ctlbrs3x70633t9y2ks63c0000gn/T//cc3WPJhv.s 			page 4


  41:TOOL/malloc.c **** }	
 107              		.loc 1 41 16 is_stmt 0 discriminator 1 view .LVU18
 108 0000 531E     		subs	r3, r2, #1
 109              	.LVL7:
  41:TOOL/malloc.c **** }	
 110              		.loc 1 41 10 discriminator 1 view .LVU19
 111 0002 1AB1     		cbz	r2, .L11
  41:TOOL/malloc.c **** }	
 112              		.loc 1 41 19 is_stmt 1 discriminator 2 view .LVU20
 113              	.LVL8:
  41:TOOL/malloc.c **** }	
 114              		.loc 1 41 24 is_stmt 0 discriminator 2 view .LVU21
 115 0004 00F8011B 		strb	r1, [r0], #1
 116              	.LVL9:
  41:TOOL/malloc.c **** }	
 117              		.loc 1 41 16 discriminator 2 view .LVU22
 118 0008 1A46     		mov	r2, r3
 119 000a F9E7     		b	.L9
 120              	.LVL10:
 121              	.L11:
  42:TOOL/malloc.c **** //内存管理初始化  
 122              		.loc 1 42 1 view .LVU23
 123 000c 7047     		bx	lr
 124              		.cfi_endproc
 125              	.LFE66:
 127              		.section	.text.my_mem_init,"ax",%progbits
 128              		.align	1
 129              		.global	my_mem_init
 130              		.syntax unified
 131              		.thumb
 132              		.thumb_func
 133              		.fpu softvfp
 135              	my_mem_init:
 136              	.LFB67:
  46:TOOL/malloc.c ****     mymemset(mallco_dev.memmap,0,memtblsize*4);	//内存状态表数据清零  
 137              		.loc 1 46 1 is_stmt 1 view -0
 138              		.cfi_startproc
 139              		@ args = 0, pretend = 0, frame = 0
 140              		@ frame_needed = 0, uses_anonymous_args = 0
 141 0000 10B5     		push	{r4, lr}
 142              	.LCFI0:
 143              		.cfi_def_cfa_offset 8
 144              		.cfi_offset 4, -8
 145              		.cfi_offset 14, -4
  47:TOOL/malloc.c ****  	mallco_dev.memrdy=1;								//内存管理初始化OK  
 146              		.loc 1 47 5 view .LVU25
  47:TOOL/malloc.c ****  	mallco_dev.memrdy=1;								//内存管理初始化OK  
 147              		.loc 1 47 24 is_stmt 0 view .LVU26
 148 0002 054C     		ldr	r4, .L14
  47:TOOL/malloc.c ****  	mallco_dev.memrdy=1;								//内存管理初始化OK  
 149              		.loc 1 47 5 view .LVU27
 150 0004 4FF42072 		mov	r2, #640
 151 0008 0021     		movs	r1, #0
 152 000a E068     		ldr	r0, [r4, #12]
 153 000c FFF7FEFF 		bl	mymemset
 154              	.LVL11:
  48:TOOL/malloc.c **** }  
ARM GAS  /var/folders/ww/n4ctlbrs3x70633t9y2ks63c0000gn/T//cc3WPJhv.s 			page 5


 155              		.loc 1 48 3 is_stmt 1 view .LVU28
  48:TOOL/malloc.c **** }  
 156              		.loc 1 48 20 is_stmt 0 view .LVU29
 157 0010 0123     		movs	r3, #1
 158 0012 2374     		strb	r3, [r4, #16]
  49:TOOL/malloc.c **** //获取内存使用率
 159              		.loc 1 49 1 view .LVU30
 160 0014 10BD     		pop	{r4, pc}
 161              	.L15:
 162 0016 00BF     		.align	2
 163              	.L14:
 164 0018 00000000 		.word	.LANCHOR1
 165              		.cfi_endproc
 166              	.LFE67:
 168              		.section	.text.my_mem_malloc,"ax",%progbits
 169              		.align	1
 170              		.global	my_mem_malloc
 171              		.syntax unified
 172              		.thumb
 173              		.thumb_func
 174              		.fpu softvfp
 176              	my_mem_malloc:
 177              	.LVL12:
 178              	.LFB69:
  57:TOOL/malloc.c **** //内存分配(内部调用)
  58:TOOL/malloc.c **** //memx:所属内存块
  59:TOOL/malloc.c **** //size:要分配的内存大小(字节)
  60:TOOL/malloc.c **** //返回值:0XFFFFFFFF,代表错误;其他,内存偏移地址 
  61:TOOL/malloc.c **** u32 my_mem_malloc(u32 size)  
  62:TOOL/malloc.c **** {  
 179              		.loc 1 62 1 is_stmt 1 view -0
 180              		.cfi_startproc
 181              		@ args = 0, pretend = 0, frame = 0
 182              		@ frame_needed = 0, uses_anonymous_args = 0
 183              		.loc 1 62 1 is_stmt 0 view .LVU32
 184 0000 10B5     		push	{r4, lr}
 185              	.LCFI1:
 186              		.cfi_def_cfa_offset 8
 187              		.cfi_offset 4, -8
 188              		.cfi_offset 14, -4
 189 0002 0446     		mov	r4, r0
  63:TOOL/malloc.c ****     signed long offset=0;  
 190              		.loc 1 63 5 is_stmt 1 view .LVU33
 191              	.LVL13:
  64:TOOL/malloc.c ****     u32 nmemb;	//需要的内存块数  
 192              		.loc 1 64 5 view .LVU34
  65:TOOL/malloc.c **** 	u32 cmemb=0;//连续空内存块数
 193              		.loc 1 65 2 view .LVU35
  66:TOOL/malloc.c ****     u32 i;  
 194              		.loc 1 66 5 view .LVU36
  67:TOOL/malloc.c ****     if(!mallco_dev.memrdy)mallco_dev.init();//未初始化,先执行初始化 
 195              		.loc 1 67 5 view .LVU37
 196              		.loc 1 67 19 is_stmt 0 view .LVU38
 197 0004 1A4B     		ldr	r3, .L33
 198 0006 1B7C     		ldrb	r3, [r3, #16]	@ zero_extendqisi2
 199              		.loc 1 67 7 view .LVU39
 200 0008 13B9     		cbnz	r3, .L17
ARM GAS  /var/folders/ww/n4ctlbrs3x70633t9y2ks63c0000gn/T//cc3WPJhv.s 			page 6


 201              		.loc 1 67 27 is_stmt 1 discriminator 1 view .LVU40
 202              		.loc 1 67 37 is_stmt 0 discriminator 1 view .LVU41
 203 000a 194B     		ldr	r3, .L33
 204 000c 1B68     		ldr	r3, [r3]
 205              		.loc 1 67 27 discriminator 1 view .LVU42
 206 000e 9847     		blx	r3
 207              	.LVL14:
 208              	.L17:
  68:TOOL/malloc.c ****     if(size==0)return 0XFFFFFFFF;//不需要分配
 209              		.loc 1 68 5 is_stmt 1 view .LVU43
 210              		.loc 1 68 7 is_stmt 0 view .LVU44
 211 0010 54B3     		cbz	r4, .L26
  69:TOOL/malloc.c ****     nmemb=size/memblksize;  	//获取需要分配的连续内存块数
 212              		.loc 1 69 5 is_stmt 1 view .LVU45
 213              		.loc 1 69 10 is_stmt 0 view .LVU46
 214 0012 A109     		lsrs	r1, r4, #6
 215              	.LVL15:
  70:TOOL/malloc.c ****     if(size%memblksize)nmemb++;  
 216              		.loc 1 70 5 is_stmt 1 view .LVU47
 217              		.loc 1 70 7 is_stmt 0 view .LVU48
 218 0014 14F03F0F 		tst	r4, #63
 219 0018 00D0     		beq	.L19
 220              		.loc 1 70 24 is_stmt 1 discriminator 1 view .LVU49
 221              		.loc 1 70 29 is_stmt 0 discriminator 1 view .LVU50
 222 001a 0131     		adds	r1, r1, #1
 223              	.LVL16:
 224              	.L19:
  71:TOOL/malloc.c **** 	MemUsed += nmemb * MEM1_BLOCK_SIZE;
 225              		.loc 1 71 2 is_stmt 1 view .LVU51
 226              		.loc 1 71 10 is_stmt 0 view .LVU52
 227 001c 154A     		ldr	r2, .L33+4
 228 001e 1368     		ldr	r3, [r2]
 229 0020 03EB8113 		add	r3, r3, r1, lsl #6
 230 0024 1360     		str	r3, [r2]
  72:TOOL/malloc.c ****     for(offset=memtblsize-1;offset>=0;offset--)//搜索整个内存控制区  
 231              		.loc 1 72 5 is_stmt 1 view .LVU53
 232              	.LVL17:
  65:TOOL/malloc.c ****     u32 i;  
 233              		.loc 1 65 6 is_stmt 0 view .LVU54
 234 0026 0022     		movs	r2, #0
 235              		.loc 1 72 15 view .LVU55
 236 0028 9F23     		movs	r3, #159
 237              		.loc 1 72 5 view .LVU56
 238 002a 03E0     		b	.L20
 239              	.LVL18:
 240              	.L27:
  73:TOOL/malloc.c ****     {     
  74:TOOL/malloc.c **** 		if(!mallco_dev.memmap[offset])cmemb++;//连续空内存块数增加
  75:TOOL/malloc.c **** 		else cmemb=0;								//连续内存块清零
 241              		.loc 1 75 13 view .LVU57
 242 002c 0022     		movs	r2, #0
 243              	.LVL19:
 244              	.L21:
  76:TOOL/malloc.c **** 		if(cmemb==nmemb)							//找到了连续nmemb个空内存块
 245              		.loc 1 76 3 is_stmt 1 view .LVU58
 246              		.loc 1 76 5 is_stmt 0 view .LVU59
 247 002e 9142     		cmp	r1, r2
ARM GAS  /var/folders/ww/n4ctlbrs3x70633t9y2ks63c0000gn/T//cc3WPJhv.s 			page 7


 248 0030 15D0     		beq	.L31
  72:TOOL/malloc.c ****     {     
 249              		.loc 1 72 45 discriminator 2 view .LVU60
 250 0032 013B     		subs	r3, r3, #1
 251              	.LVL20:
 252              	.L20:
  72:TOOL/malloc.c ****     {     
 253              		.loc 1 72 5 discriminator 1 view .LVU61
 254 0034 002B     		cmp	r3, #0
 255 0036 14DB     		blt	.L32
  74:TOOL/malloc.c **** 		else cmemb=0;								//连续内存块清零
 256              		.loc 1 74 3 is_stmt 1 view .LVU62
  74:TOOL/malloc.c **** 		else cmemb=0;								//连续内存块清零
 257              		.loc 1 74 17 is_stmt 0 view .LVU63
 258 0038 0D48     		ldr	r0, .L33
 259 003a C468     		ldr	r4, [r0, #12]
  74:TOOL/malloc.c **** 		else cmemb=0;								//连续内存块清零
 260              		.loc 1 74 24 view .LVU64
 261 003c 1846     		mov	r0, r3
 262 003e 54F82340 		ldr	r4, [r4, r3, lsl #2]
  74:TOOL/malloc.c **** 		else cmemb=0;								//连续内存块清零
 263              		.loc 1 74 5 view .LVU65
 264 0042 002C     		cmp	r4, #0
 265 0044 F2D1     		bne	.L27
  74:TOOL/malloc.c **** 		else cmemb=0;								//连续内存块清零
 266              		.loc 1 74 33 is_stmt 1 discriminator 1 view .LVU66
  74:TOOL/malloc.c **** 		else cmemb=0;								//连续内存块清零
 267              		.loc 1 74 38 is_stmt 0 discriminator 1 view .LVU67
 268 0046 0132     		adds	r2, r2, #1
 269              	.LVL21:
  74:TOOL/malloc.c **** 		else cmemb=0;								//连续内存块清零
 270              		.loc 1 74 38 discriminator 1 view .LVU68
 271 0048 F1E7     		b	.L21
 272              	.LVL22:
 273              	.L24:
  77:TOOL/malloc.c **** 		{
  78:TOOL/malloc.c ****             for(i=0;i<nmemb;i++)  					//标注内存块非空 
  79:TOOL/malloc.c ****                 mallco_dev.memmap[offset+i]=nmemb;    
 274              		.loc 1 79 17 is_stmt 1 discriminator 3 view .LVU69
 275              		.loc 1 79 27 is_stmt 0 discriminator 3 view .LVU70
 276 004a 094A     		ldr	r2, .L33
 277 004c D268     		ldr	r2, [r2, #12]
 278              		.loc 1 79 41 discriminator 3 view .LVU71
 279 004e C418     		adds	r4, r0, r3
 280              		.loc 1 79 44 discriminator 3 view .LVU72
 281 0050 42F82410 		str	r1, [r2, r4, lsl #2]
  78:TOOL/malloc.c ****                 mallco_dev.memmap[offset+i]=nmemb;    
 282              		.loc 1 78 30 discriminator 3 view .LVU73
 283 0054 0133     		adds	r3, r3, #1
 284              	.LVL23:
 285              	.L22:
  78:TOOL/malloc.c ****                 mallco_dev.memmap[offset+i]=nmemb;    
 286              		.loc 1 78 13 discriminator 1 view .LVU74
 287 0056 9942     		cmp	r1, r3
 288 0058 F7D8     		bhi	.L24
  80:TOOL/malloc.c ****             return (offset*memblksize);//返回偏移地址  
 289              		.loc 1 80 13 is_stmt 1 view .LVU75
ARM GAS  /var/folders/ww/n4ctlbrs3x70633t9y2ks63c0000gn/T//cc3WPJhv.s 			page 8


 290              		.loc 1 80 27 is_stmt 0 view .LVU76
 291 005a 8001     		lsls	r0, r0, #6
 292              	.LVL24:
 293              	.L16:
  81:TOOL/malloc.c **** 		}
  82:TOOL/malloc.c ****     }  
  83:TOOL/malloc.c ****     return 0XFFFFFFFF;//未找到符合分配条件的内存块  
  84:TOOL/malloc.c **** }  
 294              		.loc 1 84 1 view .LVU77
 295 005c 10BD     		pop	{r4, pc}
 296              	.LVL25:
 297              	.L31:
  78:TOOL/malloc.c ****                 mallco_dev.memmap[offset+i]=nmemb;    
 298              		.loc 1 78 18 view .LVU78
 299 005e 0023     		movs	r3, #0
 300 0060 F9E7     		b	.L22
 301              	.LVL26:
 302              	.L32:
  83:TOOL/malloc.c **** }  
 303              		.loc 1 83 12 view .LVU79
 304 0062 4FF0FF30 		mov	r0, #-1
 305 0066 F9E7     		b	.L16
 306              	.LVL27:
 307              	.L26:
  68:TOOL/malloc.c ****     nmemb=size/memblksize;  	//获取需要分配的连续内存块数
 308              		.loc 1 68 23 view .LVU80
 309 0068 4FF0FF30 		mov	r0, #-1
 310 006c F6E7     		b	.L16
 311              	.L34:
 312 006e 00BF     		.align	2
 313              	.L33:
 314 0070 00000000 		.word	.LANCHOR1
 315 0074 00000000 		.word	.LANCHOR0
 316              		.cfi_endproc
 317              	.LFE69:
 319              		.section	.text.my_mem_free,"ax",%progbits
 320              		.align	1
 321              		.global	my_mem_free
 322              		.syntax unified
 323              		.thumb
 324              		.thumb_func
 325              		.fpu softvfp
 327              	my_mem_free:
 328              	.LVL28:
 329              	.LFB70:
  85:TOOL/malloc.c **** //释放内存(内部调用) 
  86:TOOL/malloc.c **** //memx:所属内存块
  87:TOOL/malloc.c **** //offset:内存地址偏移
  88:TOOL/malloc.c **** //返回值:0,释放成功;1,释放失败;  
  89:TOOL/malloc.c **** u8 my_mem_free(u32 offset)  
  90:TOOL/malloc.c **** {  
 330              		.loc 1 90 1 is_stmt 1 view -0
 331              		.cfi_startproc
 332              		@ args = 0, pretend = 0, frame = 0
 333              		@ frame_needed = 0, uses_anonymous_args = 0
 334              		.loc 1 90 1 is_stmt 0 view .LVU82
 335 0000 38B5     		push	{r3, r4, r5, lr}
ARM GAS  /var/folders/ww/n4ctlbrs3x70633t9y2ks63c0000gn/T//cc3WPJhv.s 			page 9


 336              	.LCFI2:
 337              		.cfi_def_cfa_offset 16
 338              		.cfi_offset 3, -16
 339              		.cfi_offset 4, -12
 340              		.cfi_offset 5, -8
 341              		.cfi_offset 14, -4
  91:TOOL/malloc.c ****     int i;  
 342              		.loc 1 91 5 is_stmt 1 view .LVU83
  92:TOOL/malloc.c ****     if(!mallco_dev.memrdy)//未初始化,先执行初始化
 343              		.loc 1 92 5 view .LVU84
 344              		.loc 1 92 19 is_stmt 0 view .LVU85
 345 0002 124B     		ldr	r3, .L44
 346 0004 1B7C     		ldrb	r3, [r3, #16]	@ zero_extendqisi2
 347              		.loc 1 92 7 view .LVU86
 348 0006 BBB1     		cbz	r3, .L42
  93:TOOL/malloc.c **** 	{
  94:TOOL/malloc.c **** 		mallco_dev.init();    
  95:TOOL/malloc.c ****         return 1;//未初始化  
  96:TOOL/malloc.c ****     }  
  97:TOOL/malloc.c ****     if(offset<memsize)//偏移在内存池内. 
 349              		.loc 1 97 5 is_stmt 1 view .LVU87
 350              		.loc 1 97 7 is_stmt 0 view .LVU88
 351 0008 B0F5205F 		cmp	r0, #10240
 352 000c 1BD2     		bcs	.L40
 353              	.LBB2:
  98:TOOL/malloc.c ****     {  
  99:TOOL/malloc.c ****         int index=offset/memblksize;			//偏移所在内存块号码  
 354              		.loc 1 99 9 is_stmt 1 view .LVU89
 355              		.loc 1 99 25 is_stmt 0 view .LVU90
 356 000e 8009     		lsrs	r0, r0, #6
 357              	.LVL29:
 100:TOOL/malloc.c ****         int nmemb=mallco_dev.memmap[index];	//内存块数量
 358              		.loc 1 100 9 is_stmt 1 view .LVU91
 359              		.loc 1 100 29 is_stmt 0 view .LVU92
 360 0010 0E4B     		ldr	r3, .L44
 361 0012 DB68     		ldr	r3, [r3, #12]
 362              		.loc 1 100 36 view .LVU93
 363 0014 53F82050 		ldr	r5, [r3, r0, lsl #2]
 364              	.LVL30:
 101:TOOL/malloc.c **** 		MemUsed -= nmemb * MEM1_BLOCK_SIZE;
 365              		.loc 1 101 3 is_stmt 1 view .LVU94
 366              		.loc 1 101 11 is_stmt 0 view .LVU95
 367 0018 0D4A     		ldr	r2, .L44+4
 368 001a 1368     		ldr	r3, [r2]
 369 001c A3EB8513 		sub	r3, r3, r5, lsl #6
 370 0020 1360     		str	r3, [r2]
 102:TOOL/malloc.c ****         for(i=0;i<nmemb;i++)  						//内存块清零
 371              		.loc 1 102 9 is_stmt 1 view .LVU96
 372              	.LVL31:
 373              		.loc 1 102 14 is_stmt 0 view .LVU97
 374 0022 0023     		movs	r3, #0
 375              	.LVL32:
 376              	.L38:
 377              		.loc 1 102 9 discriminator 1 view .LVU98
 378 0024 AB42     		cmp	r3, r5
 379 0026 0CDA     		bge	.L43
 103:TOOL/malloc.c ****             mallco_dev.memmap[index+i]=0;   
ARM GAS  /var/folders/ww/n4ctlbrs3x70633t9y2ks63c0000gn/T//cc3WPJhv.s 			page 10


 380              		.loc 1 103 13 is_stmt 1 discriminator 3 view .LVU99
 381              		.loc 1 103 23 is_stmt 0 discriminator 3 view .LVU100
 382 0028 084A     		ldr	r2, .L44
 383 002a D268     		ldr	r2, [r2, #12]
 384              		.loc 1 103 36 discriminator 3 view .LVU101
 385 002c 1918     		adds	r1, r3, r0
 386              		.loc 1 103 39 discriminator 3 view .LVU102
 387 002e 0024     		movs	r4, #0
 388 0030 42F82140 		str	r4, [r2, r1, lsl #2]
 102:TOOL/malloc.c ****         for(i=0;i<nmemb;i++)  						//内存块清零
 389              		.loc 1 102 26 discriminator 3 view .LVU103
 390 0034 0133     		adds	r3, r3, #1
 391              	.LVL33:
 102:TOOL/malloc.c ****         for(i=0;i<nmemb;i++)  						//内存块清零
 392              		.loc 1 102 26 discriminator 3 view .LVU104
 393 0036 F5E7     		b	.L38
 394              	.LVL34:
 395              	.L42:
 102:TOOL/malloc.c ****         for(i=0;i<nmemb;i++)  						//内存块清零
 396              		.loc 1 102 26 discriminator 3 view .LVU105
 397              	.LBE2:
  94:TOOL/malloc.c ****         return 1;//未初始化  
 398              		.loc 1 94 3 is_stmt 1 view .LVU106
  94:TOOL/malloc.c ****         return 1;//未初始化  
 399              		.loc 1 94 13 is_stmt 0 view .LVU107
 400 0038 044B     		ldr	r3, .L44
 401 003a 1B68     		ldr	r3, [r3]
  94:TOOL/malloc.c ****         return 1;//未初始化  
 402              		.loc 1 94 3 view .LVU108
 403 003c 9847     		blx	r3
 404              	.LVL35:
  95:TOOL/malloc.c ****     }  
 405              		.loc 1 95 9 is_stmt 1 view .LVU109
  95:TOOL/malloc.c ****     }  
 406              		.loc 1 95 16 is_stmt 0 view .LVU110
 407 003e 0120     		movs	r0, #1
 408 0040 00E0     		b	.L37
 409              	.LVL36:
 410              	.L43:
 411              	.LBB3:
 104:TOOL/malloc.c ****         return 0;  
 412              		.loc 1 104 16 view .LVU111
 413 0042 0020     		movs	r0, #0
 414              	.LVL37:
 415              	.L37:
 416              		.loc 1 104 16 view .LVU112
 417              	.LBE3:
 105:TOOL/malloc.c ****     }else return 2;//偏移超区了.  
 106:TOOL/malloc.c **** }
 418              		.loc 1 106 1 view .LVU113
 419 0044 38BD     		pop	{r3, r4, r5, pc}
 420              	.LVL38:
 421              	.L40:
 105:TOOL/malloc.c ****     }else return 2;//偏移超区了.  
 422              		.loc 1 105 18 view .LVU114
 423 0046 0220     		movs	r0, #2
 424              	.LVL39:
ARM GAS  /var/folders/ww/n4ctlbrs3x70633t9y2ks63c0000gn/T//cc3WPJhv.s 			page 11


 105:TOOL/malloc.c ****     }else return 2;//偏移超区了.  
 425              		.loc 1 105 18 view .LVU115
 426 0048 FCE7     		b	.L37
 427              	.L45:
 428 004a 00BF     		.align	2
 429              	.L44:
 430 004c 00000000 		.word	.LANCHOR1
 431 0050 00000000 		.word	.LANCHOR0
 432              		.cfi_endproc
 433              	.LFE70:
 435              		.section	.text.myfree,"ax",%progbits
 436              		.align	1
 437              		.global	myfree
 438              		.syntax unified
 439              		.thumb
 440              		.thumb_func
 441              		.fpu softvfp
 443              	myfree:
 444              	.LVL40:
 445              	.LFB71:
 107:TOOL/malloc.c **** //释放内存(外部调用) 
 108:TOOL/malloc.c **** //memx:所属内存块
 109:TOOL/malloc.c **** //ptr:内存首地址 
 110:TOOL/malloc.c **** void myfree(void *ptr)  
 111:TOOL/malloc.c **** {  
 446              		.loc 1 111 1 is_stmt 1 view -0
 447              		.cfi_startproc
 448              		@ args = 0, pretend = 0, frame = 0
 449              		@ frame_needed = 0, uses_anonymous_args = 0
 112:TOOL/malloc.c **** 	u32 offset;   
 450              		.loc 1 112 2 view .LVU117
 113:TOOL/malloc.c **** 	if(ptr==NULL)return;//地址为0.  
 451              		.loc 1 113 2 view .LVU118
 452              		.loc 1 113 4 is_stmt 0 view .LVU119
 453 0000 38B1     		cbz	r0, .L49
 111:TOOL/malloc.c **** 	u32 offset;   
 454              		.loc 1 111 1 view .LVU120
 455 0002 08B5     		push	{r3, lr}
 456              	.LCFI3:
 457              		.cfi_def_cfa_offset 8
 458              		.cfi_offset 3, -8
 459              		.cfi_offset 14, -4
 460 0004 0346     		mov	r3, r0
 114:TOOL/malloc.c ****  	offset=(u32)ptr-(u32)mallco_dev.membase;     
 461              		.loc 1 114 3 is_stmt 1 view .LVU121
 462              		.loc 1 114 34 is_stmt 0 view .LVU122
 463 0006 034A     		ldr	r2, .L52
 464 0008 9068     		ldr	r0, [r2, #8]
 465              	.LVL41:
 115:TOOL/malloc.c ****     my_mem_free(offset);	//释放内存    
 466              		.loc 1 115 5 is_stmt 1 view .LVU123
 467 000a 181A     		subs	r0, r3, r0
 468              	.LVL42:
 469              		.loc 1 115 5 is_stmt 0 view .LVU124
 470 000c FFF7FEFF 		bl	my_mem_free
 471              	.LVL43:
 116:TOOL/malloc.c **** 	ptr = NULL;
ARM GAS  /var/folders/ww/n4ctlbrs3x70633t9y2ks63c0000gn/T//cc3WPJhv.s 			page 12


 472              		.loc 1 116 2 is_stmt 1 view .LVU125
 117:TOOL/malloc.c **** }  
 473              		.loc 1 117 1 is_stmt 0 view .LVU126
 474 0010 08BD     		pop	{r3, pc}
 475              	.LVL44:
 476              	.L49:
 477              	.LCFI4:
 478              		.cfi_def_cfa_offset 0
 479              		.cfi_restore 3
 480              		.cfi_restore 14
 481              		.loc 1 117 1 view .LVU127
 482 0012 7047     		bx	lr
 483              	.L53:
 484              		.align	2
 485              	.L52:
 486 0014 00000000 		.word	.LANCHOR1
 487              		.cfi_endproc
 488              	.LFE71:
 490              		.section	.text.mymalloc,"ax",%progbits
 491              		.align	1
 492              		.global	mymalloc
 493              		.syntax unified
 494              		.thumb
 495              		.thumb_func
 496              		.fpu softvfp
 498              	mymalloc:
 499              	.LVL45:
 500              	.LFB72:
 118:TOOL/malloc.c **** //分配内存(外部调用)
 119:TOOL/malloc.c **** //memx:所属内存块
 120:TOOL/malloc.c **** //size:内存大小(字节)
 121:TOOL/malloc.c **** //返回值:分配到的内存首地址.
 122:TOOL/malloc.c **** void *mymalloc(u32 size)  
 123:TOOL/malloc.c **** {  
 501              		.loc 1 123 1 is_stmt 1 view -0
 502              		.cfi_startproc
 503              		@ args = 0, pretend = 0, frame = 0
 504              		@ frame_needed = 0, uses_anonymous_args = 0
 505              		.loc 1 123 1 is_stmt 0 view .LVU129
 506 0000 08B5     		push	{r3, lr}
 507              	.LCFI5:
 508              		.cfi_def_cfa_offset 8
 509              		.cfi_offset 3, -8
 510              		.cfi_offset 14, -4
 124:TOOL/malloc.c ****     u32 offset;   
 511              		.loc 1 124 5 is_stmt 1 view .LVU130
 125:TOOL/malloc.c **** 	offset=my_mem_malloc(size);  	   	 	   
 512              		.loc 1 125 2 view .LVU131
 513              		.loc 1 125 9 is_stmt 0 view .LVU132
 514 0002 FFF7FEFF 		bl	my_mem_malloc
 515              	.LVL46:
 126:TOOL/malloc.c ****     if(offset==0XFFFFFFFF)return NULL;  
 516              		.loc 1 126 5 is_stmt 1 view .LVU133
 517              		.loc 1 126 7 is_stmt 0 view .LVU134
 518 0006 B0F1FF3F 		cmp	r0, #-1
 519 000a 03D0     		beq	.L56
 127:TOOL/malloc.c ****     else 
ARM GAS  /var/folders/ww/n4ctlbrs3x70633t9y2ks63c0000gn/T//cc3WPJhv.s 			page 13


 128:TOOL/malloc.c **** 	{
 129:TOOL/malloc.c **** 		//mymemset((void*)((u32)mallco_dev.membase[memx]+offset),0,size);
 130:TOOL/malloc.c **** 		return (void*)((u32)mallco_dev.membase+offset);  
 520              		.loc 1 130 3 is_stmt 1 view .LVU135
 521              		.loc 1 130 33 is_stmt 0 view .LVU136
 522 000c 024B     		ldr	r3, .L58
 523 000e 9B68     		ldr	r3, [r3, #8]
 524              		.loc 1 130 41 view .LVU137
 525 0010 1844     		add	r0, r0, r3
 526              	.LVL47:
 527              	.L54:
 131:TOOL/malloc.c **** 	}
 132:TOOL/malloc.c **** }  
 528              		.loc 1 132 1 view .LVU138
 529 0012 08BD     		pop	{r3, pc}
 530              	.LVL48:
 531              	.L56:
 126:TOOL/malloc.c ****     else 
 532              		.loc 1 126 34 view .LVU139
 533 0014 0020     		movs	r0, #0
 534              	.LVL49:
 126:TOOL/malloc.c ****     else 
 535              		.loc 1 126 34 view .LVU140
 536 0016 FCE7     		b	.L54
 537              	.L59:
 538              		.align	2
 539              	.L58:
 540 0018 00000000 		.word	.LANCHOR1
 541              		.cfi_endproc
 542              	.LFE72:
 544              		.section	.text.myrealloc,"ax",%progbits
 545              		.align	1
 546              		.global	myrealloc
 547              		.syntax unified
 548              		.thumb
 549              		.thumb_func
 550              		.fpu softvfp
 552              	myrealloc:
 553              	.LVL50:
 554              	.LFB73:
 133:TOOL/malloc.c **** //重新分配内存(外部调用)
 134:TOOL/malloc.c **** //memx:所属内存块
 135:TOOL/malloc.c **** //*ptr:旧内存首地址
 136:TOOL/malloc.c **** //size:要分配的内存大小(字节)
 137:TOOL/malloc.c **** //返回值:新分配到的内存首地址.
 138:TOOL/malloc.c **** void *myrealloc(void *ptr,u32 size)  
 139:TOOL/malloc.c **** {  
 555              		.loc 1 139 1 is_stmt 1 view -0
 556              		.cfi_startproc
 557              		@ args = 0, pretend = 0, frame = 0
 558              		@ frame_needed = 0, uses_anonymous_args = 0
 559              		.loc 1 139 1 is_stmt 0 view .LVU142
 560 0000 F8B5     		push	{r3, r4, r5, r6, r7, lr}
 561              	.LCFI6:
 562              		.cfi_def_cfa_offset 24
 563              		.cfi_offset 3, -24
 564              		.cfi_offset 4, -20
ARM GAS  /var/folders/ww/n4ctlbrs3x70633t9y2ks63c0000gn/T//cc3WPJhv.s 			page 14


 565              		.cfi_offset 5, -16
 566              		.cfi_offset 6, -12
 567              		.cfi_offset 7, -8
 568              		.cfi_offset 14, -4
 569 0002 0646     		mov	r6, r0
 570 0004 0D46     		mov	r5, r1
 140:TOOL/malloc.c ****     u32 offset;    
 571              		.loc 1 140 5 is_stmt 1 view .LVU143
 141:TOOL/malloc.c ****     offset=my_mem_malloc(size);   	
 572              		.loc 1 141 5 view .LVU144
 573              		.loc 1 141 12 is_stmt 0 view .LVU145
 574 0006 0846     		mov	r0, r1
 575              	.LVL51:
 576              		.loc 1 141 12 view .LVU146
 577 0008 FFF7FEFF 		bl	my_mem_malloc
 578              	.LVL52:
 142:TOOL/malloc.c ****     if(offset==0XFFFFFFFF)return NULL;     
 579              		.loc 1 142 5 is_stmt 1 view .LVU147
 580              		.loc 1 142 7 is_stmt 0 view .LVU148
 581 000c B0F1FF3F 		cmp	r0, #-1
 582 0010 0DD0     		beq	.L62
 583 0012 0446     		mov	r4, r0
 143:TOOL/malloc.c ****     else  
 144:TOOL/malloc.c ****     {  									   
 145:TOOL/malloc.c **** 	    mymemcpy((void*)((u32)mallco_dev.membase+offset),ptr,size);	//拷贝旧内存内容到新内存   
 584              		.loc 1 145 6 is_stmt 1 view .LVU149
 585              		.loc 1 145 38 is_stmt 0 view .LVU150
 586 0014 074F     		ldr	r7, .L64
 587 0016 B868     		ldr	r0, [r7, #8]
 588              	.LVL53:
 589              		.loc 1 145 6 view .LVU151
 590 0018 2A46     		mov	r2, r5
 591 001a 3146     		mov	r1, r6
 592 001c 2044     		add	r0, r0, r4
 593 001e FFF7FEFF 		bl	mymemcpy
 594              	.LVL54:
 146:TOOL/malloc.c ****         myfree(ptr);  											  		//释放旧内存
 595              		.loc 1 146 9 is_stmt 1 view .LVU152
 596 0022 3046     		mov	r0, r6
 597 0024 FFF7FEFF 		bl	myfree
 598              	.LVL55:
 147:TOOL/malloc.c ****         return (void*)((u32)mallco_dev.membase+offset);  				//返回新内存首地址
 599              		.loc 1 147 9 view .LVU153
 600              		.loc 1 147 39 is_stmt 0 view .LVU154
 601 0028 B868     		ldr	r0, [r7, #8]
 602              		.loc 1 147 47 view .LVU155
 603 002a 2044     		add	r0, r0, r4
 604              	.LVL56:
 605              	.L60:
 148:TOOL/malloc.c ****     }  
 149:TOOL/malloc.c **** }
 606              		.loc 1 149 1 view .LVU156
 607 002c F8BD     		pop	{r3, r4, r5, r6, r7, pc}
 608              	.LVL57:
 609              	.L62:
 142:TOOL/malloc.c ****     else  
 610              		.loc 1 142 34 view .LVU157
ARM GAS  /var/folders/ww/n4ctlbrs3x70633t9y2ks63c0000gn/T//cc3WPJhv.s 			page 15


 611 002e 0020     		movs	r0, #0
 612              	.LVL58:
 142:TOOL/malloc.c ****     else  
 613              		.loc 1 142 34 view .LVU158
 614 0030 FCE7     		b	.L60
 615              	.L65:
 616 0032 00BF     		.align	2
 617              	.L64:
 618 0034 00000000 		.word	.LANCHOR1
 619              		.cfi_endproc
 620              	.LFE73:
 622              		.global	mallco_dev
 623              		.global	memsize
 624              		.global	memblksize
 625              		.global	memtblsize
 626              		.comm	mem1mapbase,640,4
 627              		.comm	mem1base,10240,4
 628              		.global	MemUsed
 629              		.section	.bss.MemUsed,"aw",%nobits
 630              		.align	2
 631              		.set	.LANCHOR0,. + 0
 634              	MemUsed:
 635 0000 00000000 		.space	4
 636              		.section	.data.mallco_dev,"aw"
 637              		.align	2
 638              		.set	.LANCHOR1,. + 0
 641              	mallco_dev:
 642 0000 00000000 		.word	my_mem_init
 643 0004 00000000 		.word	my_mem_perused
 644 0008 00000000 		.word	mem1base
 645 000c 00000000 		.word	mem1mapbase
 646 0010 00       		.byte	0
 647 0011 000000   		.space	3
 648              		.section	.rodata.memblksize,"a"
 649              		.align	2
 652              	memblksize:
 653 0000 40000000 		.word	64
 654              		.section	.rodata.memsize,"a"
 655              		.align	2
 658              	memsize:
 659 0000 00280000 		.word	10240
 660              		.section	.rodata.memtblsize,"a"
 661              		.align	2
 664              	memtblsize:
 665 0000 A0000000 		.word	160
 666              		.text
 667              	.Letext0:
 668              		.file 2 "/Users/shuuyou/gcc-arm-none-eabi/arm-none-eabi/include/machine/_default_types.h"
 669              		.file 3 "/Users/shuuyou/gcc-arm-none-eabi/arm-none-eabi/include/sys/_stdint.h"
 670              		.file 4 "Inc/stm32l152xe.h"
 671              		.file 5 "/Users/shuuyou/gcc-arm-none-eabi/lib/gcc/arm-none-eabi/8.3.1/include/stddef.h"
 672              		.file 6 "/Users/shuuyou/gcc-arm-none-eabi/arm-none-eabi/include/sys/_types.h"
 673              		.file 7 "/Users/shuuyou/gcc-arm-none-eabi/arm-none-eabi/include/sys/reent.h"
 674              		.file 8 "/Users/shuuyou/gcc-arm-none-eabi/arm-none-eabi/include/sys/lock.h"
 675              		.file 9 "Inc/core_cm3.h"
 676              		.file 10 "APP/inc/Public.h"
 677              		.file 11 "RML1028B/RML1028B.h"
ARM GAS  /var/folders/ww/n4ctlbrs3x70633t9y2ks63c0000gn/T//cc3WPJhv.s 			page 16


 678              		.file 12 "HARDWARE/inc/Temputer.h"
 679              		.file 13 "HARDWARE/inc/Adc.h"
 680              		.file 14 "HARDWARE/inc/Timer.h"
 681              		.file 15 "HARDWARE/inc/Control.h"
 682              		.file 16 "TOOL/inc/TaskManger.h"
 683              		.file 17 "DISPALY/inc/DispManger.h"
 684              		.file 18 "TOOL/inc/CrcUtil.h"
 685              		.file 19 "APP/inc/VolPro.h"
 686              		.file 20 "APP/inc/FreqPro.h"
 687              		.file 21 "APP/inc/ParasCheckPro.h"
 688              		.file 22 "APP/inc/TemputerPro.h"
 689              		.file 23 "TOOL/inc/malloc.h"
ARM GAS  /var/folders/ww/n4ctlbrs3x70633t9y2ks63c0000gn/T//cc3WPJhv.s 			page 17


DEFINED SYMBOLS
                            *ABS*:0000000000000000 malloc.c
/var/folders/ww/n4ctlbrs3x70633t9y2ks63c0000gn/T//cc3WPJhv.s:16     .text.my_mem_perused:0000000000000000 $t
/var/folders/ww/n4ctlbrs3x70633t9y2ks63c0000gn/T//cc3WPJhv.s:24     .text.my_mem_perused:0000000000000000 my_mem_perused
/var/folders/ww/n4ctlbrs3x70633t9y2ks63c0000gn/T//cc3WPJhv.s:41     .text.my_mem_perused:0000000000000008 $d
/var/folders/ww/n4ctlbrs3x70633t9y2ks63c0000gn/T//cc3WPJhv.s:46     .text.mymemcpy:0000000000000000 $t
/var/folders/ww/n4ctlbrs3x70633t9y2ks63c0000gn/T//cc3WPJhv.s:53     .text.mymemcpy:0000000000000000 mymemcpy
/var/folders/ww/n4ctlbrs3x70633t9y2ks63c0000gn/T//cc3WPJhv.s:89     .text.mymemset:0000000000000000 $t
/var/folders/ww/n4ctlbrs3x70633t9y2ks63c0000gn/T//cc3WPJhv.s:96     .text.mymemset:0000000000000000 mymemset
/var/folders/ww/n4ctlbrs3x70633t9y2ks63c0000gn/T//cc3WPJhv.s:128    .text.my_mem_init:0000000000000000 $t
/var/folders/ww/n4ctlbrs3x70633t9y2ks63c0000gn/T//cc3WPJhv.s:135    .text.my_mem_init:0000000000000000 my_mem_init
/var/folders/ww/n4ctlbrs3x70633t9y2ks63c0000gn/T//cc3WPJhv.s:164    .text.my_mem_init:0000000000000018 $d
/var/folders/ww/n4ctlbrs3x70633t9y2ks63c0000gn/T//cc3WPJhv.s:169    .text.my_mem_malloc:0000000000000000 $t
/var/folders/ww/n4ctlbrs3x70633t9y2ks63c0000gn/T//cc3WPJhv.s:176    .text.my_mem_malloc:0000000000000000 my_mem_malloc
/var/folders/ww/n4ctlbrs3x70633t9y2ks63c0000gn/T//cc3WPJhv.s:314    .text.my_mem_malloc:0000000000000070 $d
/var/folders/ww/n4ctlbrs3x70633t9y2ks63c0000gn/T//cc3WPJhv.s:320    .text.my_mem_free:0000000000000000 $t
/var/folders/ww/n4ctlbrs3x70633t9y2ks63c0000gn/T//cc3WPJhv.s:327    .text.my_mem_free:0000000000000000 my_mem_free
/var/folders/ww/n4ctlbrs3x70633t9y2ks63c0000gn/T//cc3WPJhv.s:430    .text.my_mem_free:000000000000004c $d
/var/folders/ww/n4ctlbrs3x70633t9y2ks63c0000gn/T//cc3WPJhv.s:436    .text.myfree:0000000000000000 $t
/var/folders/ww/n4ctlbrs3x70633t9y2ks63c0000gn/T//cc3WPJhv.s:443    .text.myfree:0000000000000000 myfree
/var/folders/ww/n4ctlbrs3x70633t9y2ks63c0000gn/T//cc3WPJhv.s:486    .text.myfree:0000000000000014 $d
/var/folders/ww/n4ctlbrs3x70633t9y2ks63c0000gn/T//cc3WPJhv.s:491    .text.mymalloc:0000000000000000 $t
/var/folders/ww/n4ctlbrs3x70633t9y2ks63c0000gn/T//cc3WPJhv.s:498    .text.mymalloc:0000000000000000 mymalloc
/var/folders/ww/n4ctlbrs3x70633t9y2ks63c0000gn/T//cc3WPJhv.s:540    .text.mymalloc:0000000000000018 $d
/var/folders/ww/n4ctlbrs3x70633t9y2ks63c0000gn/T//cc3WPJhv.s:545    .text.myrealloc:0000000000000000 $t
/var/folders/ww/n4ctlbrs3x70633t9y2ks63c0000gn/T//cc3WPJhv.s:552    .text.myrealloc:0000000000000000 myrealloc
/var/folders/ww/n4ctlbrs3x70633t9y2ks63c0000gn/T//cc3WPJhv.s:618    .text.myrealloc:0000000000000034 $d
/var/folders/ww/n4ctlbrs3x70633t9y2ks63c0000gn/T//cc3WPJhv.s:641    .data.mallco_dev:0000000000000000 mallco_dev
/var/folders/ww/n4ctlbrs3x70633t9y2ks63c0000gn/T//cc3WPJhv.s:658    .rodata.memsize:0000000000000000 memsize
/var/folders/ww/n4ctlbrs3x70633t9y2ks63c0000gn/T//cc3WPJhv.s:652    .rodata.memblksize:0000000000000000 memblksize
/var/folders/ww/n4ctlbrs3x70633t9y2ks63c0000gn/T//cc3WPJhv.s:664    .rodata.memtblsize:0000000000000000 memtblsize
                            *COM*:0000000000000280 mem1mapbase
                            *COM*:0000000000002800 mem1base
/var/folders/ww/n4ctlbrs3x70633t9y2ks63c0000gn/T//cc3WPJhv.s:634    .bss.MemUsed:0000000000000000 MemUsed
/var/folders/ww/n4ctlbrs3x70633t9y2ks63c0000gn/T//cc3WPJhv.s:630    .bss.MemUsed:0000000000000000 $d
/var/folders/ww/n4ctlbrs3x70633t9y2ks63c0000gn/T//cc3WPJhv.s:637    .data.mallco_dev:0000000000000000 $d
/var/folders/ww/n4ctlbrs3x70633t9y2ks63c0000gn/T//cc3WPJhv.s:649    .rodata.memblksize:0000000000000000 $d
/var/folders/ww/n4ctlbrs3x70633t9y2ks63c0000gn/T//cc3WPJhv.s:655    .rodata.memsize:0000000000000000 $d
/var/folders/ww/n4ctlbrs3x70633t9y2ks63c0000gn/T//cc3WPJhv.s:661    .rodata.memtblsize:0000000000000000 $d

NO UNDEFINED SYMBOLS
