ARM GAS  /var/folders/ww/n4ctlbrs3x70633t9y2ks63c0000gn/T//cciQ5XrE.s 			page 1


   1              		.cpu cortex-m3
   2              		.eabi_attribute 20, 1
   3              		.eabi_attribute 21, 1
   4              		.eabi_attribute 23, 3
   5              		.eabi_attribute 24, 1
   6              		.eabi_attribute 25, 1
   7              		.eabi_attribute 26, 1
   8              		.eabi_attribute 30, 1
   9              		.eabi_attribute 34, 1
  10              		.eabi_attribute 18, 4
  11              		.file	"TemputerPro.c"
  12              		.text
  13              	.Ltext0:
  14              		.cfi_sections	.debug_frame
  15              		.section	.text.TemputerPro,"ax",%progbits
  16              		.align	1
  17              		.global	TemputerPro
  18              		.arch armv7-m
  19              		.syntax unified
  20              		.thumb
  21              		.thumb_func
  22              		.fpu softvfp
  24              	TemputerPro:
  25              	.LFB65:
  26              		.file 1 "APP/TemputerPro.c"
   1:APP/TemputerPro.c **** #include "TemputerPro.h"
   2:APP/TemputerPro.c **** 
   3:APP/TemputerPro.c **** _Temputer Temputer;
   4:APP/TemputerPro.c **** 
   5:APP/TemputerPro.c **** void TemputerPro(void)
   6:APP/TemputerPro.c **** {
  27              		.loc 1 6 1 view -0
  28              		.cfi_startproc
  29              		@ args = 0, pretend = 0, frame = 0
  30              		@ frame_needed = 0, uses_anonymous_args = 0
  31              		@ link register save eliminated.
   7:APP/TemputerPro.c **** 	Temputer.val[Temputer.cnt++] = GETTEMPIOVALUES;
  32              		.loc 1 7 2 view .LVU1
  33              		.loc 1 7 33 is_stmt 0 view .LVU2
  34 0000 124B     		ldr	r3, .L5
  35 0002 1969     		ldr	r1, [r3, #16]
  36              		.loc 1 7 23 view .LVU3
  37 0004 124A     		ldr	r2, .L5+4
  38 0006 9078     		ldrb	r0, [r2, #2]	@ zero_extendqisi2
  39              		.loc 1 7 27 view .LVU4
  40 0008 431C     		adds	r3, r0, #1
  41 000a DBB2     		uxtb	r3, r3
  42 000c 9370     		strb	r3, [r2, #2]
  43              		.loc 1 7 33 view .LVU5
  44 000e C1F34131 		ubfx	r1, r1, #13, #2
  45              		.loc 1 7 31 view .LVU6
  46 0012 1154     		strb	r1, [r2, r0]
   8:APP/TemputerPro.c **** 	if(Temputer.cnt >= 2)
  47              		.loc 1 8 2 is_stmt 1 view .LVU7
  48              		.loc 1 8 4 is_stmt 0 view .LVU8
  49 0014 012B     		cmp	r3, #1
  50 0016 0BD9     		bls	.L1
ARM GAS  /var/folders/ww/n4ctlbrs3x70633t9y2ks63c0000gn/T//cciQ5XrE.s 			page 2


   9:APP/TemputerPro.c **** 	{
  10:APP/TemputerPro.c **** 		if(Temputer.val[0] && Temputer.val[1])
  51              		.loc 1 10 3 is_stmt 1 view .LVU9
  52              		.loc 1 10 18 is_stmt 0 view .LVU10
  53 0018 1378     		ldrb	r3, [r2]	@ zero_extendqisi2
  54              		.loc 1 10 5 view .LVU11
  55 001a 53B1     		cbz	r3, .L3
  56              		.loc 1 10 37 discriminator 1 view .LVU12
  57 001c 5278     		ldrb	r2, [r2, #1]	@ zero_extendqisi2
  58              		.loc 1 10 22 discriminator 1 view .LVU13
  59 001e 42B1     		cbz	r2, .L3
  11:APP/TemputerPro.c **** 			Temputer.flag |= 0x01;
  60              		.loc 1 11 4 is_stmt 1 view .LVU14
  61              		.loc 1 11 18 is_stmt 0 view .LVU15
  62 0020 0B4A     		ldr	r2, .L5+4
  63 0022 D378     		ldrb	r3, [r2, #3]	@ zero_extendqisi2
  64 0024 43F00103 		orr	r3, r3, #1
  65 0028 D370     		strb	r3, [r2, #3]
  66              	.L4:
  12:APP/TemputerPro.c **** 		else if(Temputer.val[0] == 0 && Temputer.val[1] == 0)
  13:APP/TemputerPro.c **** 			Temputer.flag &= ~0x01;
  14:APP/TemputerPro.c **** 		Temputer.cnt = 0;
  67              		.loc 1 14 3 is_stmt 1 view .LVU16
  68              		.loc 1 14 16 is_stmt 0 view .LVU17
  69 002a 094B     		ldr	r3, .L5+4
  70 002c 0022     		movs	r2, #0
  71 002e 9A70     		strb	r2, [r3, #2]
  72              	.L1:
  15:APP/TemputerPro.c **** 	}
  16:APP/TemputerPro.c **** }
  73              		.loc 1 16 1 view .LVU18
  74 0030 7047     		bx	lr
  75              	.L3:
  12:APP/TemputerPro.c **** 		else if(Temputer.val[0] == 0 && Temputer.val[1] == 0)
  76              		.loc 1 12 8 is_stmt 1 view .LVU19
  12:APP/TemputerPro.c **** 		else if(Temputer.val[0] == 0 && Temputer.val[1] == 0)
  77              		.loc 1 12 10 is_stmt 0 view .LVU20
  78 0032 002B     		cmp	r3, #0
  79 0034 F9D1     		bne	.L4
  12:APP/TemputerPro.c **** 		else if(Temputer.val[0] == 0 && Temputer.val[1] == 0)
  80              		.loc 1 12 47 discriminator 1 view .LVU21
  81 0036 064B     		ldr	r3, .L5+4
  82 0038 5B78     		ldrb	r3, [r3, #1]	@ zero_extendqisi2
  12:APP/TemputerPro.c **** 		else if(Temputer.val[0] == 0 && Temputer.val[1] == 0)
  83              		.loc 1 12 32 discriminator 1 view .LVU22
  84 003a 002B     		cmp	r3, #0
  85 003c F5D1     		bne	.L4
  13:APP/TemputerPro.c **** 		Temputer.cnt = 0;
  86              		.loc 1 13 4 is_stmt 1 view .LVU23
  13:APP/TemputerPro.c **** 		Temputer.cnt = 0;
  87              		.loc 1 13 18 is_stmt 0 view .LVU24
  88 003e 044A     		ldr	r2, .L5+4
  89 0040 D378     		ldrb	r3, [r2, #3]	@ zero_extendqisi2
  90 0042 23F00103 		bic	r3, r3, #1
  91 0046 D370     		strb	r3, [r2, #3]
  92 0048 EFE7     		b	.L4
  93              	.L6:
ARM GAS  /var/folders/ww/n4ctlbrs3x70633t9y2ks63c0000gn/T//cciQ5XrE.s 			page 3


  94 004a 00BF     		.align	2
  95              	.L5:
  96 004c 00080240 		.word	1073874944
  97 0050 00000000 		.word	Temputer
  98              		.cfi_endproc
  99              	.LFE65:
 101              		.comm	Temputer,4,4
 102              		.text
 103              	.Letext0:
 104              		.file 2 "/Users/shuuyou/gcc-arm-none-eabi/arm-none-eabi/include/machine/_default_types.h"
 105              		.file 3 "/Users/shuuyou/gcc-arm-none-eabi/arm-none-eabi/include/sys/_stdint.h"
 106              		.file 4 "Inc/stm32l152xe.h"
 107              		.file 5 "/Users/shuuyou/gcc-arm-none-eabi/lib/gcc/arm-none-eabi/8.3.1/include/stddef.h"
 108              		.file 6 "/Users/shuuyou/gcc-arm-none-eabi/arm-none-eabi/include/sys/_types.h"
 109              		.file 7 "/Users/shuuyou/gcc-arm-none-eabi/arm-none-eabi/include/sys/reent.h"
 110              		.file 8 "/Users/shuuyou/gcc-arm-none-eabi/arm-none-eabi/include/sys/lock.h"
 111              		.file 9 "Inc/core_cm3.h"
 112              		.file 10 "APP/inc/Public.h"
 113              		.file 11 "RML1028B/RML1028B.h"
 114              		.file 12 "HARDWARE/inc/Temputer.h"
 115              		.file 13 "HARDWARE/inc/Adc.h"
 116              		.file 14 "HARDWARE/inc/Timer.h"
 117              		.file 15 "HARDWARE/inc/Control.h"
 118              		.file 16 "TOOL/inc/malloc.h"
 119              		.file 17 "TOOL/inc/TaskManger.h"
 120              		.file 18 "DISPALY/inc/DispManger.h"
 121              		.file 19 "TOOL/inc/CrcUtil.h"
 122              		.file 20 "APP/inc/VolPro.h"
 123              		.file 21 "APP/inc/FreqPro.h"
 124              		.file 22 "APP/inc/ParasCheckPro.h"
 125              		.file 23 "APP/inc/TemputerPro.h"
ARM GAS  /var/folders/ww/n4ctlbrs3x70633t9y2ks63c0000gn/T//cciQ5XrE.s 			page 4


DEFINED SYMBOLS
                            *ABS*:0000000000000000 TemputerPro.c
/var/folders/ww/n4ctlbrs3x70633t9y2ks63c0000gn/T//cciQ5XrE.s:16     .text.TemputerPro:0000000000000000 $t
/var/folders/ww/n4ctlbrs3x70633t9y2ks63c0000gn/T//cciQ5XrE.s:24     .text.TemputerPro:0000000000000000 TemputerPro
/var/folders/ww/n4ctlbrs3x70633t9y2ks63c0000gn/T//cciQ5XrE.s:96     .text.TemputerPro:000000000000004c $d
                            *COM*:0000000000000004 Temputer

NO UNDEFINED SYMBOLS
